{"/home/travis/build/npmtest/node-npmtest-node-google-apps-script/test.js":{"path":"/home/travis/build/npmtest/node-npmtest-node-google-apps-script/test.js","s":{"1":2,"2":2,"3":2,"4":2,"5":2,"6":2,"7":2,"8":1,"9":2,"10":2,"11":1,"12":1,"13":1,"14":1,"15":2,"16":2,"17":2,"18":2,"19":1,"20":1,"21":2,"22":2,"23":2,"24":1,"25":1,"26":1,"27":1,"28":1,"29":1,"30":1,"31":1,"32":1,"33":1,"34":1,"35":1,"36":1,"37":1,"38":1,"39":2,"40":2,"41":1,"42":2,"43":2,"44":1,"45":2,"46":2,"47":1,"48":2,"49":2,"50":1,"51":1,"52":1,"53":1,"54":1},"b":{"1":[2,1,1,1],"2":[1,1,1,1],"3":[1,1],"4":[1,1],"5":[1,1],"6":[1,1],"7":[1,1],"8":[1,1],"9":[1,1],"10":[1,1,1],"11":[1,1],"12":[1,1],"13":[1,1],"14":[1,1],"15":[1,1],"16":[1,1],"17":[1,1]},"f":{"1":2,"2":2,"3":2,"4":2,"5":2,"6":1,"7":1,"8":1,"9":2,"10":2,"11":2,"12":2,"13":1},"fnMap":{"1":{"name":"(anonymous_1)","line":12,"loc":{"start":{"line":12,"column":1},"end":{"line":12,"column":13}}},"2":{"name":"(anonymous_2)","line":19,"loc":{"start":{"line":19,"column":5},"end":{"line":19,"column":17}}},"3":{"name":"(anonymous_3)","line":23,"loc":{"start":{"line":23,"column":24},"end":{"line":23,"column":36}}},"4":{"name":"(anonymous_4)","line":61,"loc":{"start":{"line":61,"column":5},"end":{"line":61,"column":17}}},"5":{"name":"(anonymous_5)","line":82,"loc":{"start":{"line":82,"column":5},"end":{"line":82,"column":17}}},"6":{"name":"(anonymous_6)","line":91,"loc":{"start":{"line":91,"column":77},"end":{"line":94,"column":10}}},"7":{"name":"(anonymous_7)","line":112,"loc":{"start":{"line":112,"column":83},"end":{"line":115,"column":10}},"skip":true},"8":{"name":"(anonymous_8)","line":123,"loc":{"start":{"line":123,"column":77},"end":{"line":126,"column":10}},"skip":true},"9":{"name":"(anonymous_9)","line":139,"loc":{"start":{"line":139,"column":12},"end":{"line":139,"column":40}},"skip":true},"10":{"name":"(anonymous_10)","line":147,"loc":{"start":{"line":147,"column":77},"end":{"line":150,"column":10}},"skip":true},"11":{"name":"(anonymous_11)","line":158,"loc":{"start":{"line":158,"column":83},"end":{"line":161,"column":10}},"skip":true},"12":{"name":"(anonymous_12)","line":169,"loc":{"start":{"line":169,"column":79},"end":{"line":172,"column":10}},"skip":true},"13":{"name":"(anonymous_13)","line":180,"loc":{"start":{"line":180,"column":75},"end":{"line":183,"column":10}},"skip":true}},"statementMap":{"1":{"start":{"line":12,"column":0},"end":{"line":195,"column":5}},"2":{"start":{"line":14,"column":4},"end":{"line":14,"column":14}},"3":{"start":{"line":19,"column":4},"end":{"line":56,"column":9}},"4":{"start":{"line":21,"column":8},"end":{"line":21,"column":19}},"5":{"start":{"line":23,"column":8},"end":{"line":35,"column":13}},"6":{"start":{"line":24,"column":12},"end":{"line":34,"column":13}},"7":{"start":{"line":25,"column":16},"end":{"line":28,"column":30}},"8":{"start":{"line":30,"column":16},"end":{"line":33,"column":27}},"9":{"start":{"line":37,"column":8},"end":{"line":39,"column":21}},"10":{"start":{"line":40,"column":8},"end":{"line":53,"column":9}},"11":{"start":{"line":43,"column":12},"end":{"line":46,"column":14}},"12":{"start":{"line":47,"column":12},"end":{"line":47,"column":18}},"13":{"start":{"line":50,"column":12},"end":{"line":51,"column":46}},"14":{"start":{"line":52,"column":12},"end":{"line":52,"column":18}},"15":{"start":{"line":55,"column":8},"end":{"line":55,"column":35}},"16":{"start":{"line":61,"column":4},"end":{"line":63,"column":9}},"17":{"start":{"line":62,"column":8},"end":{"line":62,"column":15}},"18":{"start":{"line":64,"column":4},"end":{"line":77,"column":5}},"19":{"start":{"line":70,"column":8},"end":{"line":70,"column":14}},"20":{"start":{"line":76,"column":8},"end":{"line":76,"column":14}},"21":{"start":{"line":82,"column":4},"end":{"line":84,"column":9}},"22":{"start":{"line":83,"column":8},"end":{"line":83,"column":15}},"23":{"start":{"line":85,"column":4},"end":{"line":194,"column":5}},"24":{"start":{"line":91,"column":8},"end":{"line":99,"column":10}},"25":{"start":{"line":98,"column":12},"end":{"line":98,"column":35}},"26":{"start":{"line":102,"column":8},"end":{"line":104,"column":63}},"27":{"start":{"line":105,"column":8},"end":{"line":105,"column":14}},"28":{"start":{"line":112,"column":8},"end":{"line":121,"column":10},"skip":true},"29":{"start":{"line":119,"column":12},"end":{"line":119,"column":55},"skip":true},"30":{"start":{"line":120,"column":12},"end":{"line":120,"column":48},"skip":true},"31":{"start":{"line":123,"column":8},"end":{"line":136,"column":10},"skip":true},"32":{"start":{"line":130,"column":12},"end":{"line":130,"column":76},"skip":true},"33":{"start":{"line":131,"column":12},"end":{"line":131,"column":73},"skip":true},"34":{"start":{"line":132,"column":12},"end":{"line":132,"column":74},"skip":true},"35":{"start":{"line":133,"column":12},"end":{"line":133,"column":79},"skip":true},"36":{"start":{"line":134,"column":12},"end":{"line":134,"column":25},"skip":true},"37":{"start":{"line":135,"column":12},"end":{"line":135,"column":45},"skip":true},"38":{"start":{"line":138,"column":8},"end":{"line":145,"column":14},"skip":true},"39":{"start":{"line":143,"column":16},"end":{"line":143,"column":29},"skip":true},"40":{"start":{"line":144,"column":16},"end":{"line":144,"column":55},"skip":true},"41":{"start":{"line":147,"column":8},"end":{"line":156,"column":10},"skip":true},"42":{"start":{"line":154,"column":12},"end":{"line":154,"column":25},"skip":true},"43":{"start":{"line":155,"column":12},"end":{"line":155,"column":45},"skip":true},"44":{"start":{"line":158,"column":8},"end":{"line":167,"column":10},"skip":true},"45":{"start":{"line":165,"column":12},"end":{"line":165,"column":25},"skip":true},"46":{"start":{"line":166,"column":12},"end":{"line":166,"column":48},"skip":true},"47":{"start":{"line":169,"column":8},"end":{"line":178,"column":10},"skip":true},"48":{"start":{"line":176,"column":12},"end":{"line":176,"column":25},"skip":true},"49":{"start":{"line":177,"column":12},"end":{"line":177,"column":46},"skip":true},"50":{"start":{"line":180,"column":8},"end":{"line":189,"column":10},"skip":true},"51":{"start":{"line":187,"column":12},"end":{"line":187,"column":94},"skip":true},"52":{"start":{"line":188,"column":12},"end":{"line":188,"column":48},"skip":true},"53":{"start":{"line":192,"column":8},"end":{"line":192,"column":35},"skip":true},"54":{"start":{"line":193,"column":8},"end":{"line":193,"column":14},"skip":true}},"branchMap":{"1":{"line":25,"type":"binary-expr","locations":[{"start":{"line":25,"column":23},"end":{"line":25,"column":62}},{"start":{"line":26,"column":20},"end":{"line":26,"column":70}},{"start":{"line":27,"column":20},"end":{"line":27,"column":71}},{"start":{"line":28,"column":20},"end":{"line":28,"column":29}}]},"2":{"line":30,"type":"binary-expr","locations":[{"start":{"line":30,"column":23},"end":{"line":30,"column":37}},{"start":{"line":31,"column":20},"end":{"line":31,"column":61}},{"start":{"line":32,"column":20},"end":{"line":32,"column":70}},{"start":{"line":33,"column":20},"end":{"line":33,"column":26}}]},"3":{"line":37,"type":"cond-expr","locations":[{"start":{"line":38,"column":14},"end":{"line":38,"column":20}},{"start":{"line":39,"column":14},"end":{"line":39,"column":20}}]},"4":{"line":40,"type":"switch","locations":[{"start":{"line":42,"column":8},"end":{"line":47,"column":18}},{"start":{"line":49,"column":8},"end":{"line":52,"column":18}}]},"5":{"line":44,"type":"binary-expr","locations":[{"start":{"line":44,"column":16},"end":{"line":44,"column":44}},{"start":{"line":44,"column":48},"end":{"line":44,"column":66}}]},"6":{"line":50,"type":"binary-expr","locations":[{"start":{"line":50,"column":21},"end":{"line":50,"column":49}},{"start":{"line":50,"column":53},"end":{"line":50,"column":72}}]},"7":{"line":64,"type":"switch","locations":[{"start":{"line":69,"column":4},"end":{"line":70,"column":14}},{"start":{"line":75,"column":4},"end":{"line":76,"column":14}}]},"8":{"line":85,"type":"switch","locations":[{"start":{"line":90,"column":4},"end":{"line":105,"column":14}},{"start":{"line":111,"column":4},"end":{"line":193,"column":14},"skip":true}]},"9":{"line":91,"type":"binary-expr","locations":[{"start":{"line":91,"column":42},"end":{"line":91,"column":73}},{"start":{"line":91,"column":77},"end":{"line":99,"column":9}}]},"10":{"line":102,"type":"binary-expr","locations":[{"start":{"line":102,"column":18},"end":{"line":102,"column":32}},{"start":{"line":103,"column":12},"end":{"line":103,"column":53}},{"start":{"line":104,"column":12},"end":{"line":104,"column":61}}]},"11":{"line":112,"type":"binary-expr","locations":[{"start":{"line":112,"column":45},"end":{"line":112,"column":79},"skip":true},{"start":{"line":112,"column":83},"end":{"line":121,"column":9},"skip":true}]},"12":{"line":123,"type":"binary-expr","locations":[{"start":{"line":123,"column":42},"end":{"line":123,"column":73},"skip":true},{"start":{"line":123,"column":77},"end":{"line":136,"column":9},"skip":true}]},"13":{"line":138,"type":"binary-expr","locations":[{"start":{"line":138,"column":48},"end":{"line":138,"column":85},"skip":true},{"start":{"line":139,"column":12},"end":{"line":145,"column":13},"skip":true}]},"14":{"line":147,"type":"binary-expr","locations":[{"start":{"line":147,"column":42},"end":{"line":147,"column":73},"skip":true},{"start":{"line":147,"column":77},"end":{"line":156,"column":9},"skip":true}]},"15":{"line":158,"type":"binary-expr","locations":[{"start":{"line":158,"column":45},"end":{"line":158,"column":79},"skip":true},{"start":{"line":158,"column":83},"end":{"line":167,"column":9},"skip":true}]},"16":{"line":169,"type":"binary-expr","locations":[{"start":{"line":169,"column":43},"end":{"line":169,"column":75},"skip":true},{"start":{"line":169,"column":79},"end":{"line":178,"column":9},"skip":true}]},"17":{"line":180,"type":"binary-expr","locations":[{"start":{"line":180,"column":41},"end":{"line":180,"column":71},"skip":true},{"start":{"line":180,"column":75},"end":{"line":189,"column":9},"skip":true}]}},"code":["/* istanbul instrument in package npmtest_node_google_apps_script */","/*jslint","    bitwise: true,","    browser: true,","    maxerr: 8,","    maxlen: 96,","    node: true,","    nomen: true,","    regexp: true,","    stupid: true","*/","(function () {","    'use strict';","    var local;","","","","    // run shared js-env code - pre-init","    (function () {","        // init local","        local = {};","        // init modeJs","        local.modeJs = (function () {","            try {","                return typeof navigator.userAgent === 'string' &&","                    typeof document.querySelector('body') === 'object' &&","                    typeof XMLHttpRequest.prototype.open === 'function' &&","                    'browser';","            } catch (errorCaughtBrowser) {","                return module.exports &&","                    typeof process.versions.node === 'string' &&","                    typeof require('http').createServer === 'function' &&","                    'node';","            }","        }());","        // init global","        local.global = local.modeJs === 'browser'","            ? window","            : global;","        switch (local.modeJs) {","        // re-init local from window.local","        case 'browser':","            local = local.global.utility2.objectSetDefault(","                local.global.utility2_rollup || local.global.local,","                local.global.utility2","            );","            break;","        // re-init local from example.js","        case 'node':","            local = (local.global.utility2_rollup || require('utility2'))","                .requireExampleJsFromReadme();","            break;","        }","        // export local","        local.global.local = local;","    }());","","","","    // run shared js-env code - function","    (function () {","        return;","    }());","    switch (local.modeJs) {","","","","    // run browser js-env code - function","    case 'browser':","        break;","","","","    // run node js-env code - function","    case 'node':","        break;","    }","","","","    // run shared js-env code - post-init","    (function () {","        return;","    }());","    switch (local.modeJs) {","","","","    // run browser js-env code - post-init","    case 'browser':","        local.testCase_browser_nullCase = local.testCase_browser_nullCase || function (","            options,","            onError","        ) {","        /*","         * this function will test browsers's null-case handling-behavior-behavior","         */","            onError(null, options);","        };","","        // run tests","        local.nop(local.modeTest &&","            document.querySelector('#testRunButton1') &&","            document.querySelector('#testRunButton1').click());","        break;","","","","    // run node js-env code - post-init","    /* istanbul ignore next */","    case 'node':","        local.testCase_buildApidoc_default = local.testCase_buildApidoc_default || function (","            options,","            onError","        ) {","        /*","         * this function will test buildApidoc's default handling-behavior-behavior","         */","            options = { modulePathList: module.paths };","            local.buildApidoc(options, onError);","        };","","        local.testCase_buildApp_default = local.testCase_buildApp_default || function (","            options,","            onError","        ) {","        /*","         * this function will test buildApp's default handling-behavior-behavior","         */","            local.testCase_buildReadme_default(options, local.onErrorThrow);","            local.testCase_buildLib_default(options, local.onErrorThrow);","            local.testCase_buildTest_default(options, local.onErrorThrow);","            local.testCase_buildCustomOrg_default(options, local.onErrorThrow);","            options = [];","            local.buildApp(options, onError);","        };","","        local.testCase_buildCustomOrg_default = local.testCase_buildCustomOrg_default ||","            function (options, onError) {","            /*","             * this function will test buildCustomOrg's default handling-behavior","             */","                options = {};","                local.buildCustomOrg(options, onError);","            };","","        local.testCase_buildLib_default = local.testCase_buildLib_default || function (","            options,","            onError","        ) {","        /*","         * this function will test buildLib's default handling-behavior","         */","            options = {};","            local.buildLib(options, onError);","        };","","        local.testCase_buildReadme_default = local.testCase_buildReadme_default || function (","            options,","            onError","        ) {","        /*","         * this function will test buildReadme's default handling-behavior-behavior","         */","            options = {};","            local.buildReadme(options, onError);","        };","","        local.testCase_buildTest_default = local.testCase_buildTest_default || function (","            options,","            onError","        ) {","        /*","         * this function will test buildTest's default handling-behavior","         */","            options = {};","            local.buildTest(options, onError);","        };","","        local.testCase_webpage_default = local.testCase_webpage_default || function (","            options,","            onError","        ) {","        /*","         * this function will test webpage's default handling-behavior","         */","            options = { modeCoverageMerge: true, url: local.serverLocalHost + '?modeTest=1' };","            local.browserTest(options, onError);","        };","","        // run test-server","        local.testRunServer(local);","        break;","    }","}());",""],"l":{"12":2,"14":2,"19":2,"21":2,"23":2,"24":2,"25":2,"30":1,"37":2,"40":2,"43":1,"47":1,"50":1,"52":1,"55":2,"61":2,"62":2,"64":2,"70":1,"76":1,"82":2,"83":2,"85":2,"91":1,"98":1,"102":1,"105":1,"112":1,"119":1,"120":1,"123":1,"130":1,"131":1,"132":1,"133":1,"134":1,"135":1,"138":1,"143":2,"144":2,"147":1,"154":2,"155":2,"158":1,"165":2,"166":2,"169":1,"176":2,"177":2,"180":1,"187":1,"188":1,"192":1,"193":1}},"/home/travis/build/npmtest/node-npmtest-node-google-apps-script/lib.npmtest_node_google_apps_script.js":{"path":"/home/travis/build/npmtest/node-npmtest-node-google-apps-script/lib.npmtest_node_google_apps_script.js","s":{"1":2,"2":2,"3":2,"4":2,"5":2,"6":2,"7":2,"8":1,"9":2,"10":2,"11":2,"12":2,"13":1,"14":1,"15":1,"16":1},"b":{"1":[2,1,1,1],"2":[1,1,1,1],"3":[1,1],"4":[2,2],"5":[1,1]},"f":{"1":2,"2":2,"3":2},"fnMap":{"1":{"name":"(anonymous_1)","line":12,"loc":{"start":{"line":12,"column":1},"end":{"line":12,"column":13}}},"2":{"name":"(anonymous_2)","line":19,"loc":{"start":{"line":19,"column":5},"end":{"line":19,"column":17}}},"3":{"name":"(anonymous_3)","line":23,"loc":{"start":{"line":23,"column":24},"end":{"line":23,"column":36}}}},"statementMap":{"1":{"start":{"line":12,"column":0},"end":{"line":53,"column":5}},"2":{"start":{"line":14,"column":4},"end":{"line":14,"column":14}},"3":{"start":{"line":19,"column":4},"end":{"line":52,"column":9}},"4":{"start":{"line":21,"column":8},"end":{"line":21,"column":19}},"5":{"start":{"line":23,"column":8},"end":{"line":35,"column":13}},"6":{"start":{"line":24,"column":12},"end":{"line":34,"column":13}},"7":{"start":{"line":25,"column":16},"end":{"line":28,"column":30}},"8":{"start":{"line":30,"column":16},"end":{"line":33,"column":27}},"9":{"start":{"line":37,"column":8},"end":{"line":39,"column":21}},"10":{"start":{"line":41,"column":8},"end":{"line":41,"column":54}},"11":{"start":{"line":43,"column":8},"end":{"line":43,"column":68}},"12":{"start":{"line":45,"column":8},"end":{"line":51,"column":9}},"13":{"start":{"line":46,"column":12},"end":{"line":46,"column":74}},"14":{"start":{"line":48,"column":12},"end":{"line":48,"column":35}},"15":{"start":{"line":49,"column":12},"end":{"line":49,"column":49}},"16":{"start":{"line":50,"column":12},"end":{"line":50,"column":43}}},"branchMap":{"1":{"line":25,"type":"binary-expr","locations":[{"start":{"line":25,"column":23},"end":{"line":25,"column":62}},{"start":{"line":26,"column":20},"end":{"line":26,"column":70}},{"start":{"line":27,"column":20},"end":{"line":27,"column":71}},{"start":{"line":28,"column":20},"end":{"line":28,"column":29}}]},"2":{"line":30,"type":"binary-expr","locations":[{"start":{"line":30,"column":23},"end":{"line":30,"column":37}},{"start":{"line":31,"column":20},"end":{"line":31,"column":61}},{"start":{"line":32,"column":20},"end":{"line":32,"column":70}},{"start":{"line":33,"column":20},"end":{"line":33,"column":26}}]},"3":{"line":37,"type":"cond-expr","locations":[{"start":{"line":38,"column":14},"end":{"line":38,"column":20}},{"start":{"line":39,"column":14},"end":{"line":39,"column":20}}]},"4":{"line":41,"type":"binary-expr","locations":[{"start":{"line":41,"column":16},"end":{"line":41,"column":44}},{"start":{"line":41,"column":48},"end":{"line":41,"column":53}}]},"5":{"line":45,"type":"if","locations":[{"start":{"line":45,"column":8},"end":{"line":45,"column":8}},{"start":{"line":45,"column":8},"end":{"line":45,"column":8}}]}},"code":["/* istanbul instrument in package npmtest_node_google_apps_script */","/*jslint","    bitwise: true,","    browser: true,","    maxerr: 8,","    maxlen: 96,","    node: true,","    nomen: true,","    regexp: true,","    stupid: true","*/","(function () {","    'use strict';","    var local;","","","","    // run shared js-env code - pre-init","    (function () {","        // init local","        local = {};","        // init modeJs","        local.modeJs = (function () {","            try {","                return typeof navigator.userAgent === 'string' &&","                    typeof document.querySelector('body') === 'object' &&","                    typeof XMLHttpRequest.prototype.open === 'function' &&","                    'browser';","            } catch (errorCaughtBrowser) {","                return module.exports &&","                    typeof process.versions.node === 'string' &&","                    typeof require('http').createServer === 'function' &&","                    'node';","            }","        }());","        // init global","        local.global = local.modeJs === 'browser'","            ? window","            : global;","        // init utility2_rollup","        local = local.global.utility2_rollup || local;","        // init lib","        local.local = local.npmtest_node_google_apps_script = local;","        // init exports","        if (local.modeJs === 'browser') {","            local.global.utility2_npmtest_node_google_apps_script = local;","        } else {","            module.exports = local;","            module.exports.__dirname = __dirname;","            module.exports.module = module;","        }","    }());","}());",""],"l":{"12":2,"14":2,"19":2,"21":2,"23":2,"24":2,"25":2,"30":1,"37":2,"41":2,"43":2,"45":2,"46":1,"48":1,"49":1,"50":1}},"/home/travis/build/npmtest/node-npmtest-node-google-apps-script/example.js":{"path":"/home/travis/build/npmtest/node-npmtest-node-google-apps-script/example.js","s":{"1":2,"2":2,"3":2,"4":2,"5":2,"6":2,"7":2,"8":1,"9":2,"10":2,"11":2,"12":2,"13":1,"14":2,"15":2,"16":2,"17":2,"18":2,"19":0,"20":2,"21":1,"22":1,"23":1,"24":1,"25":1,"26":0,"27":0,"28":1,"29":1,"30":2,"31":0,"32":0,"33":0,"34":1,"35":2,"36":2,"37":3,"38":3,"39":3,"40":3,"41":0,"42":3,"43":3,"44":3,"45":1,"46":3,"47":1,"48":1,"49":1,"50":1,"51":1,"52":1,"53":1,"54":1,"55":1,"56":1,"57":0,"58":1,"59":6,"60":6,"61":1,"62":2,"63":0,"64":2,"65":1,"66":1,"67":0,"68":0,"69":0,"70":0,"71":0,"72":0,"73":0,"74":0,"75":0,"76":0,"77":0,"78":0,"79":0,"80":0,"81":0,"82":0,"83":0},"b":{"1":[2,1,1,1],"2":[1,1,1,1],"3":[1,1],"4":[2,2],"5":[1,1],"6":[1,1],"7":[2,0],"8":[2,1,1,1,1,1],"9":[0,2,0],"10":[1,1],"11":[2,1,1],"12":[1,0],"13":[0,2],"14":[2,0,0,0,0,0,0],"15":[0,3],"16":[3,0],"17":[1,1],"18":[0,1],"19":[1,2,0,2],"20":[1,0],"21":[1,1],"22":[0,0],"23":[0,0],"24":[0,0],"25":[0,0],"26":[0,0],"27":[0,0],"28":[0,0]},"f":{"1":2,"2":2,"3":2,"4":2,"5":2,"6":2,"7":3,"8":3,"9":3,"10":1,"11":6,"12":0},"fnMap":{"1":{"name":"(anonymous_1)","line":26,"loc":{"start":{"line":26,"column":1},"end":{"line":26,"column":13}}},"2":{"name":"(anonymous_2)","line":33,"loc":{"start":{"line":33,"column":5},"end":{"line":33,"column":17}}},"3":{"name":"(anonymous_3)","line":37,"loc":{"start":{"line":37,"column":24},"end":{"line":37,"column":36}}},"4":{"name":"(anonymous_4)","line":69,"loc":{"start":{"line":69,"column":31},"end":{"line":69,"column":48}},"skip":true},"5":{"name":"(anonymous_5)","line":78,"loc":{"start":{"line":78,"column":26},"end":{"line":78,"column":45}},"skip":true},"6":{"name":"(anonymous_6)","line":123,"loc":{"start":{"line":123,"column":33},"end":{"line":123,"column":48}},"skip":true},"7":{"name":"(anonymous_7)","line":125,"loc":{"start":{"line":125,"column":27},"end":{"line":125,"column":39}},"skip":true},"8":{"name":"(anonymous_8)","line":133,"loc":{"start":{"line":133,"column":59},"end":{"line":133,"column":74}},"skip":true},"9":{"name":"(anonymous_9)","line":143,"loc":{"start":{"line":143,"column":45},"end":{"line":143,"column":62}},"skip":true},"10":{"name":"(anonymous_10)","line":144,"loc":{"start":{"line":144,"column":73},"end":{"line":144,"column":92}},"skip":true},"11":{"name":"(anonymous_11)","line":272,"loc":{"start":{"line":272,"column":51},"end":{"line":272,"column":77}},"skip":true},"12":{"name":"(anonymous_12)","line":315,"loc":{"start":{"line":315,"column":32},"end":{"line":315,"column":61}},"skip":true}},"statementMap":{"1":{"start":{"line":26,"column":0},"end":{"line":326,"column":5}},"2":{"start":{"line":28,"column":4},"end":{"line":28,"column":14}},"3":{"start":{"line":33,"column":4},"end":{"line":60,"column":9}},"4":{"start":{"line":35,"column":8},"end":{"line":35,"column":19}},"5":{"start":{"line":37,"column":8},"end":{"line":49,"column":13}},"6":{"start":{"line":38,"column":12},"end":{"line":48,"column":13}},"7":{"start":{"line":39,"column":16},"end":{"line":42,"column":30}},"8":{"start":{"line":44,"column":16},"end":{"line":47,"column":27}},"9":{"start":{"line":51,"column":8},"end":{"line":53,"column":21}},"10":{"start":{"line":55,"column":8},"end":{"line":57,"column":45}},"11":{"start":{"line":59,"column":8},"end":{"line":59,"column":35}},"12":{"start":{"line":61,"column":4},"end":{"line":325,"column":5}},"13":{"start":{"line":69,"column":8},"end":{"line":121,"column":10},"skip":true},"14":{"start":{"line":70,"column":12},"end":{"line":88,"column":13},"skip":true},"15":{"start":{"line":76,"column":16},"end":{"line":87,"column":19},"skip":true},"16":{"start":{"line":79,"column":20},"end":{"line":86,"column":21},"skip":true},"17":{"start":{"line":82,"column":24},"end":{"line":82,"column":43},"skip":true},"18":{"start":{"line":83,"column":24},"end":{"line":83,"column":30},"skip":true},"19":{"start":{"line":85,"column":24},"end":{"line":85,"column":49},"skip":true},"20":{"start":{"line":89,"column":12},"end":{"line":107,"column":13},"skip":true},"21":{"start":{"line":92,"column":16},"end":{"line":102,"column":17},"skip":true},"22":{"start":{"line":93,"column":20},"end":{"line":93,"column":86},"skip":true},"23":{"start":{"line":94,"column":20},"end":{"line":95,"column":45},"skip":true},"24":{"start":{"line":96,"column":20},"end":{"line":96,"column":42},"skip":true},"25":{"start":{"line":97,"column":20},"end":{"line":97,"column":48},"skip":true},"26":{"start":{"line":100,"column":20},"end":{"line":100,"column":85},"skip":true},"27":{"start":{"line":101,"column":20},"end":{"line":101,"column":96},"skip":true},"28":{"start":{"line":103,"column":16},"end":{"line":103,"column":22},"skip":true},"29":{"start":{"line":106,"column":16},"end":{"line":106,"column":22},"skip":true},"30":{"start":{"line":108,"column":12},"end":{"line":120,"column":13},"skip":true},"31":{"start":{"line":114,"column":16},"end":{"line":119,"column":17},"skip":true},"32":{"start":{"line":116,"column":20},"end":{"line":116,"column":78},"skip":true},"33":{"start":{"line":118,"column":20},"end":{"line":118,"column":47},"skip":true},"34":{"start":{"line":123,"column":8},"end":{"line":141,"column":11},"skip":true},"35":{"start":{"line":124,"column":12},"end":{"line":124,"column":54},"skip":true},"36":{"start":{"line":125,"column":12},"end":{"line":140,"column":14},"skip":true},"37":{"start":{"line":126,"column":16},"end":{"line":126,"column":28},"skip":true},"38":{"start":{"line":127,"column":16},"end":{"line":127,"column":69},"skip":true},"39":{"start":{"line":128,"column":16},"end":{"line":128,"column":75},"skip":true},"40":{"start":{"line":129,"column":16},"end":{"line":131,"column":17},"skip":true},"41":{"start":{"line":130,"column":20},"end":{"line":130,"column":27},"skip":true},"42":{"start":{"line":133,"column":16},"end":{"line":137,"column":36},"skip":true},"43":{"start":{"line":134,"column":20},"end":{"line":136,"column":55},"skip":true},"44":{"start":{"line":139,"column":16},"end":{"line":139,"column":57},"skip":true},"45":{"start":{"line":143,"column":8},"end":{"line":147,"column":11},"skip":true},"46":{"start":{"line":144,"column":12},"end":{"line":146,"column":15},"skip":true},"47":{"start":{"line":145,"column":16},"end":{"line":145,"column":70},"skip":true},"48":{"start":{"line":149,"column":8},"end":{"line":149,"column":31},"skip":true},"49":{"start":{"line":150,"column":8},"end":{"line":150,"column":14},"skip":true},"50":{"start":{"line":158,"column":8},"end":{"line":158,"column":31},"skip":true},"51":{"start":{"line":160,"column":8},"end":{"line":160,"column":33},"skip":true},"52":{"start":{"line":161,"column":8},"end":{"line":161,"column":37},"skip":true},"53":{"start":{"line":162,"column":8},"end":{"line":162,"column":35},"skip":true},"54":{"start":{"line":164,"column":8},"end":{"line":164,"column":50},"skip":true},"55":{"start":{"line":166,"column":8},"end":{"line":256,"column":2},"skip":true},"56":{"start":{"line":258,"column":8},"end":{"line":286,"column":9},"skip":true},"57":{"start":{"line":259,"column":12},"end":{"line":269,"column":14},"skip":true},"58":{"start":{"line":271,"column":12},"end":{"line":285,"column":19},"skip":true},"59":{"start":{"line":274,"column":20},"end":{"line":274,"column":35},"skip":true},"60":{"start":{"line":275,"column":20},"end":{"line":284,"column":21},"skip":true},"61":{"start":{"line":277,"column":24},"end":{"line":277,"column":64},"skip":true},"62":{"start":{"line":279,"column":24},"end":{"line":279,"column":40},"skip":true},"63":{"start":{"line":281,"column":24},"end":{"line":281,"column":40},"skip":true},"64":{"start":{"line":283,"column":24},"end":{"line":283,"column":39},"skip":true},"65":{"start":{"line":288,"column":8},"end":{"line":290,"column":9},"skip":true},"66":{"start":{"line":289,"column":12},"end":{"line":289,"column":18},"skip":true},"67":{"start":{"line":291,"column":8},"end":{"line":293,"column":54},"skip":true},"68":{"start":{"line":296,"column":8},"end":{"line":301,"column":37},"skip":true},"69":{"start":{"line":303,"column":8},"end":{"line":303,"column":82},"skip":true},"70":{"start":{"line":306,"column":8},"end":{"line":308,"column":9},"skip":true},"71":{"start":{"line":307,"column":12},"end":{"line":307,"column":82},"skip":true},"72":{"start":{"line":310,"column":8},"end":{"line":312,"column":9},"skip":true},"73":{"start":{"line":311,"column":12},"end":{"line":311,"column":18},"skip":true},"74":{"start":{"line":313,"column":8},"end":{"line":313,"column":54},"skip":true},"75":{"start":{"line":314,"column":8},"end":{"line":314,"column":69},"skip":true},"76":{"start":{"line":315,"column":8},"end":{"line":323,"column":36},"skip":true},"77":{"start":{"line":316,"column":12},"end":{"line":316,"column":61},"skip":true},"78":{"start":{"line":317,"column":12},"end":{"line":320,"column":13},"skip":true},"79":{"start":{"line":318,"column":16},"end":{"line":318,"column":75},"skip":true},"80":{"start":{"line":319,"column":16},"end":{"line":319,"column":23},"skip":true},"81":{"start":{"line":321,"column":12},"end":{"line":321,"column":38},"skip":true},"82":{"start":{"line":322,"column":12},"end":{"line":322,"column":27},"skip":true},"83":{"start":{"line":324,"column":8},"end":{"line":324,"column":14},"skip":true}},"branchMap":{"1":{"line":39,"type":"binary-expr","locations":[{"start":{"line":39,"column":23},"end":{"line":39,"column":62}},{"start":{"line":40,"column":20},"end":{"line":40,"column":70}},{"start":{"line":41,"column":20},"end":{"line":41,"column":71}},{"start":{"line":42,"column":20},"end":{"line":42,"column":29}}]},"2":{"line":44,"type":"binary-expr","locations":[{"start":{"line":44,"column":23},"end":{"line":44,"column":37}},{"start":{"line":45,"column":20},"end":{"line":45,"column":61}},{"start":{"line":46,"column":20},"end":{"line":46,"column":70}},{"start":{"line":47,"column":20},"end":{"line":47,"column":26}}]},"3":{"line":51,"type":"cond-expr","locations":[{"start":{"line":52,"column":14},"end":{"line":52,"column":20}},{"start":{"line":53,"column":14},"end":{"line":53,"column":20}}]},"4":{"line":55,"type":"binary-expr","locations":[{"start":{"line":55,"column":16},"end":{"line":55,"column":44}},{"start":{"line":55,"column":49},"end":{"line":57,"column":43}}]},"5":{"line":55,"type":"cond-expr","locations":[{"start":{"line":56,"column":14},"end":{"line":56,"column":67}},{"start":{"line":57,"column":14},"end":{"line":57,"column":43}}]},"6":{"line":61,"type":"switch","locations":[{"start":{"line":68,"column":4},"end":{"line":150,"column":14},"skip":true},{"start":{"line":156,"column":4},"end":{"line":324,"column":14},"skip":true}]},"7":{"line":70,"type":"if","locations":[{"start":{"line":70,"column":12},"end":{"line":70,"column":12},"skip":true},{"start":{"line":70,"column":12},"end":{"line":70,"column":12},"skip":true}]},"8":{"line":70,"type":"binary-expr","locations":[{"start":{"line":70,"column":16},"end":{"line":70,"column":22},"skip":true},{"start":{"line":70,"column":27},"end":{"line":70,"column":32},"skip":true},{"start":{"line":71,"column":20},"end":{"line":71,"column":39},"skip":true},{"start":{"line":72,"column":20},"end":{"line":72,"column":49},"skip":true},{"start":{"line":73,"column":20},"end":{"line":73,"column":58},"skip":true},{"start":{"line":74,"column":20},"end":{"line":74,"column":69},"skip":true}]},"9":{"line":79,"type":"switch","locations":[{"start":{"line":80,"column":20},"end":{"line":80,"column":33},"skip":true},{"start":{"line":81,"column":20},"end":{"line":83,"column":30},"skip":true},{"start":{"line":84,"column":20},"end":{"line":85,"column":49},"skip":true}]},"10":{"line":89,"type":"switch","locations":[{"start":{"line":90,"column":12},"end":{"line":103,"column":22},"skip":true},{"start":{"line":105,"column":12},"end":{"line":106,"column":22},"skip":true}]},"11":{"line":89,"type":"binary-expr","locations":[{"start":{"line":89,"column":20},"end":{"line":89,"column":25},"skip":true},{"start":{"line":89,"column":29},"end":{"line":89,"column":48},"skip":true},{"start":{"line":89,"column":52},"end":{"line":89,"column":74},"skip":true}]},"12":{"line":92,"type":"if","locations":[{"start":{"line":92,"column":16},"end":{"line":92,"column":16},"skip":true},{"start":{"line":92,"column":16},"end":{"line":92,"column":16},"skip":true}]},"13":{"line":108,"type":"if","locations":[{"start":{"line":108,"column":12},"end":{"line":108,"column":12},"skip":true},{"start":{"line":108,"column":12},"end":{"line":108,"column":12},"skip":true}]},"14":{"line":108,"type":"binary-expr","locations":[{"start":{"line":108,"column":16},"end":{"line":108,"column":61},"skip":true},{"start":{"line":108,"column":66},"end":{"line":108,"column":72},"skip":true},{"start":{"line":108,"column":77},"end":{"line":108,"column":82},"skip":true},{"start":{"line":109,"column":20},"end":{"line":109,"column":39},"skip":true},{"start":{"line":110,"column":20},"end":{"line":110,"column":49},"skip":true},{"start":{"line":111,"column":20},"end":{"line":111,"column":58},"skip":true},{"start":{"line":112,"column":20},"end":{"line":112,"column":68},"skip":true}]},"15":{"line":129,"type":"if","locations":[{"start":{"line":129,"column":16},"end":{"line":129,"column":16},"skip":true},{"start":{"line":129,"column":16},"end":{"line":129,"column":16},"skip":true}]},"16":{"line":134,"type":"cond-expr","locations":[{"start":{"line":135,"column":26},"end":{"line":135,"column":29},"skip":true},{"start":{"line":136,"column":26},"end":{"line":136,"column":54},"skip":true}]},"17":{"line":164,"type":"binary-expr","locations":[{"start":{"line":164,"column":27},"end":{"line":164,"column":43},"skip":true},{"start":{"line":164,"column":47},"end":{"line":164,"column":49},"skip":true}]},"18":{"line":258,"type":"if","locations":[{"start":{"line":258,"column":8},"end":{"line":258,"column":8},"skip":true},{"start":{"line":258,"column":8},"end":{"line":258,"column":8},"skip":true}]},"19":{"line":275,"type":"switch","locations":[{"start":{"line":276,"column":20},"end":{"line":277,"column":64},"skip":true},{"start":{"line":278,"column":20},"end":{"line":279,"column":40},"skip":true},{"start":{"line":280,"column":20},"end":{"line":281,"column":40},"skip":true},{"start":{"line":282,"column":20},"end":{"line":283,"column":39},"skip":true}]},"20":{"line":288,"type":"if","locations":[{"start":{"line":288,"column":8},"end":{"line":288,"column":8},"skip":true},{"start":{"line":288,"column":8},"end":{"line":288,"column":8},"skip":true}]},"21":{"line":288,"type":"binary-expr","locations":[{"start":{"line":288,"column":12},"end":{"line":288,"column":40},"skip":true},{"start":{"line":288,"column":44},"end":{"line":288,"column":67},"skip":true}]},"22":{"line":292,"type":"binary-expr","locations":[{"start":{"line":292,"column":12},"end":{"line":292,"column":50},"skip":true},{"start":{"line":293,"column":12},"end":{"line":293,"column":53},"skip":true}]},"23":{"line":297,"type":"binary-expr","locations":[{"start":{"line":297,"column":12},"end":{"line":297,"column":81},"skip":true},{"start":{"line":298,"column":12},"end":{"line":301,"column":36},"skip":true}]},"24":{"line":303,"type":"binary-expr","locations":[{"start":{"line":303,"column":43},"end":{"line":303,"column":75},"skip":true},{"start":{"line":303,"column":79},"end":{"line":303,"column":81},"skip":true}]},"25":{"line":306,"type":"if","locations":[{"start":{"line":306,"column":8},"end":{"line":306,"column":8},"skip":true},{"start":{"line":306,"column":8},"end":{"line":306,"column":8},"skip":true}]},"26":{"line":310,"type":"if","locations":[{"start":{"line":310,"column":8},"end":{"line":310,"column":8},"skip":true},{"start":{"line":310,"column":8},"end":{"line":310,"column":8},"skip":true}]},"27":{"line":313,"type":"binary-expr","locations":[{"start":{"line":313,"column":27},"end":{"line":313,"column":43},"skip":true},{"start":{"line":313,"column":47},"end":{"line":313,"column":53},"skip":true}]},"28":{"line":317,"type":"if","locations":[{"start":{"line":317,"column":12},"end":{"line":317,"column":12},"skip":true},{"start":{"line":317,"column":12},"end":{"line":317,"column":12},"skip":true}]}},"code":["/*","example.js","","quickstart example","","instruction","    1. save this script as example.js","    2. run the shell command:","        $ npm install npmtest-node-google-apps-script && PORT=8081 node example.js","    3. play with the browser-demo on http://127.0.0.1:8081","*/","","","","/* istanbul instrument in package npmtest_node_google_apps_script */","/*jslint","    bitwise: true,","    browser: true,","    maxerr: 8,","    maxlen: 96,","    node: true,","    nomen: true,","    regexp: true,","    stupid: true","*/","(function () {","    'use strict';","    var local;","","","","    // run shared js-env code - pre-init","    (function () {","        // init local","        local = {};","        // init modeJs","        local.modeJs = (function () {","            try {","                return typeof navigator.userAgent === 'string' &&","                    typeof document.querySelector('body') === 'object' &&","                    typeof XMLHttpRequest.prototype.open === 'function' &&","                    'browser';","            } catch (errorCaughtBrowser) {","                return module.exports &&","                    typeof process.versions.node === 'string' &&","                    typeof require('http').createServer === 'function' &&","                    'node';","            }","        }());","        // init global","        local.global = local.modeJs === 'browser'","            ? window","            : global;","        // init utility2_rollup","        local = local.global.utility2_rollup || (local.modeJs === 'browser'","            ? local.global.utility2_npmtest_node_google_apps_script","            : global.utility2_moduleExports);","        // export local","        local.global.local = local;","    }());","    switch (local.modeJs) {","","","","    // post-init","    // run browser js-env code - post-init","    /* istanbul ignore next */","    case 'browser':","        local.testRunBrowser = function (event) {","            if (!event || (event &&","                    event.currentTarget &&","                    event.currentTarget.className &&","                    event.currentTarget.className.includes &&","                    event.currentTarget.className.includes('onreset'))) {","                // reset output","                Array.from(","                    document.querySelectorAll('body > .resettable')","                ).forEach(function (element) {","                    switch (element.tagName) {","                    case 'INPUT':","                    case 'TEXTAREA':","                        element.value = '';","                        break;","                    default:","                        element.textContent = '';","                    }","                });","            }","            switch (event && event.currentTarget && event.currentTarget.id) {","            case 'testRunButton1':","                // show tests","                if (document.querySelector('#testReportDiv1').style.display === 'none') {","                    document.querySelector('#testReportDiv1').style.display = 'block';","                    document.querySelector('#testRunButton1').textContent =","                        'hide internal test';","                    local.modeTest = true;","                    local.testRunDefault(local);","                // hide tests","                } else {","                    document.querySelector('#testReportDiv1').style.display = 'none';","                    document.querySelector('#testRunButton1').textContent = 'run internal test';","                }","                break;","            // custom-case","            default:","                break;","            }","            if (document.querySelector('#inputTextareaEval1') && (!event || (event &&","                    event.currentTarget &&","                    event.currentTarget.className &&","                    event.currentTarget.className.includes &&","                    event.currentTarget.className.includes('oneval')))) {","                // try to eval input-code","                try {","                    /*jslint evil: true*/","                    eval(document.querySelector('#inputTextareaEval1').value);","                } catch (errorCaught) {","                    console.error(errorCaught);","                }","            }","        };","        // log stderr and stdout to #outputTextareaStdout1","        ['error', 'log'].forEach(function (key) {","            console[key + '_original'] = console[key];","            console[key] = function () {","                var element;","                console[key + '_original'].apply(console, arguments);","                element = document.querySelector('#outputTextareaStdout1');","                if (!element) {","                    return;","                }","                // append text to #outputTextareaStdout1","                element.value += Array.from(arguments).map(function (arg) {","                    return typeof arg === 'string'","                        ? arg","                        : JSON.stringify(arg, null, 4);","                }).join(' ') + '\\n';","                // scroll textarea to bottom","                element.scrollTop = element.scrollHeight;","            };","        });","        // init event-handling","        ['change', 'click', 'keyup'].forEach(function (event) {","            Array.from(document.querySelectorAll('.on' + event)).forEach(function (element) {","                element.addEventListener(event, local.testRunBrowser);","            });","        });","        // run tests","        local.testRunBrowser();","        break;","","","","    // run node js-env code - post-init","    /* istanbul ignore next */","    case 'node':","        // export local","        module.exports = local;","        // require modules","        local.fs = require('fs');","        local.http = require('http');","        local.url = require('url');","        // init assets","        local.assetsDict = local.assetsDict || {};","        /* jslint-ignore-begin */","        local.assetsDict['/assets.index.template.html'] = '\\","<!doctype html>\\n\\","<html lang=\"en\">\\n\\","<head>\\n\\","<meta charset=\"UTF-8\">\\n\\","<meta name=\"viewport\" content=\"width=device-width, initial-scale=1\">\\n\\","<title>{{env.npm_package_name}} (v{{env.npm_package_version}})</title>\\n\\","<style>\\n\\","/*csslint\\n\\","    box-sizing: false,\\n\\","    universal-selector: false\\n\\","*/\\n\\","* {\\n\\","    box-sizing: border-box;\\n\\","}\\n\\","body {\\n\\","    background: #dde;\\n\\","    font-family: Arial, Helvetica, sans-serif;\\n\\","    margin: 2rem;\\n\\","}\\n\\","body > * {\\n\\","    margin-bottom: 1rem;\\n\\","}\\n\\",".utility2FooterDiv {\\n\\","    margin-top: 20px;\\n\\","    text-align: center;\\n\\","}\\n\\","</style>\\n\\","<style>\\n\\","/*csslint\\n\\","*/\\n\\","textarea {\\n\\","    font-family: monospace;\\n\\","    height: 10rem;\\n\\","    width: 100%;\\n\\","}\\n\\","textarea[readonly] {\\n\\","    background: #ddd;\\n\\","}\\n\\","</style>\\n\\","</head>\\n\\","<body>\\n\\","<!-- utility2-comment\\n\\","<div id=\"ajaxProgressDiv1\" style=\"background: #d00; height: 2px; left: 0; margin: 0; padding: 0; position: fixed; top: 0; transition: background 0.5s, width 1.5s; width: 25%;\"></div>\\n\\","utility2-comment -->\\n\\","<h1>\\n\\","<!-- utility2-comment\\n\\","    <a\\n\\","        {{#if env.npm_package_homepage}}\\n\\","        href=\"{{env.npm_package_homepage}}\"\\n\\","        {{/if env.npm_package_homepage}}\\n\\","        target=\"_blank\"\\n\\","    >\\n\\","utility2-comment -->\\n\\","        {{env.npm_package_name}} (v{{env.npm_package_version}})\\n\\","<!-- utility2-comment\\n\\","    </a>\\n\\","utility2-comment -->\\n\\","</h1>\\n\\","<h3>{{env.npm_package_description}}</h3>\\n\\","<!-- utility2-comment\\n\\","<h4><a download href=\"assets.app.js\">download standalone app</a></h4>\\n\\","<button class=\"onclick onreset\" id=\"testRunButton1\">run internal test</button><br>\\n\\","<div id=\"testReportDiv1\" style=\"display: none;\"></div>\\n\\","utility2-comment -->\\n\\","\\n\\","\\n\\","\\n\\","<label>stderr and stdout</label>\\n\\","<textarea class=\"resettable\" id=\"outputTextareaStdout1\" readonly></textarea>\\n\\","<!-- utility2-comment\\n\\","{{#if isRollup}}\\n\\","<script src=\"assets.app.js\"></script>\\n\\","{{#unless isRollup}}\\n\\","utility2-comment -->\\n\\","<script src=\"assets.utility2.rollup.js\"></script>\\n\\","<script src=\"jsonp.utility2._stateInit?callback=window.utility2._stateInit\"></script>\\n\\","<script src=\"assets.npmtest_node_google_apps_script.rollup.js\"></script>\\n\\","<script src=\"assets.example.js\"></script>\\n\\","<script src=\"assets.test.js\"></script>\\n\\","<!-- utility2-comment\\n\\","{{/if isRollup}}\\n\\","utility2-comment -->\\n\\","<div class=\"utility2FooterDiv\">\\n\\","    [ this app was created with\\n\\","    <a href=\"https://github.com/kaizhu256/node-utility2\" target=\"_blank\">utility2</a>\\n\\","    ]\\n\\","</div>\\n\\","</body>\\n\\","</html>\\n\\","';","        /* jslint-ignore-end */","        if (local.templateRender) {","            local.assetsDict['/'] = local.templateRender(","                local.assetsDict['/assets.index.template.html'],","                {","                    env: local.objectSetDefault(local.env, {","                        npm_package_description: 'the greatest app in the world!',","                        npm_package_name: 'my-app',","                        npm_package_nameAlias: 'my_app',","                        npm_package_version: '0.0.1'","                    })","                }","            );","        } else {","            local.assetsDict['/'] = local.assetsDict['/assets.index.template.html']","                .replace((/\\{\\{env\\.(\\w+?)\\}\\}/g), function (match0, match1) {","                    // jslint-hack","                    String(match0);","                    switch (match1) {","                    case 'npm_package_description':","                        return 'the greatest app in the world!';","                    case 'npm_package_name':","                        return 'my-app';","                    case 'npm_package_nameAlias':","                        return 'my_app';","                    case 'npm_package_version':","                        return '0.0.1';","                    }","                });","        }","        // run the cli","        if (local.global.utility2_rollup || module !== require.main) {","            break;","        }","        local.assetsDict['/assets.example.js'] =","            local.assetsDict['/assets.example.js'] ||","            local.fs.readFileSync(__filename, 'utf8');","        // bug-workaround - long $npm_package_buildCustomOrg","        /* jslint-ignore-begin */","        local.assetsDict['/assets.npmtest_node_google_apps_script.rollup.js'] =","            local.assetsDict['/assets.npmtest_node_google_apps_script.rollup.js'] ||","            local.fs.readFileSync(","                local.npmtest_node_google_apps_script.__dirname + '/lib.npmtest_node_google_apps_script.js',","                'utf8'","            ).replace((/^#!/), '//');","        /* jslint-ignore-end */","        local.assetsDict['/favicon.ico'] = local.assetsDict['/favicon.ico'] || '';","        // if $npm_config_timeout_exit exists,","        // then exit this process after $npm_config_timeout_exit ms","        if (Number(process.env.npm_config_timeout_exit)) {","            setTimeout(process.exit, Number(process.env.npm_config_timeout_exit));","        }","        // start server","        if (local.global.utility2_serverHttp1) {","            break;","        }","        process.env.PORT = process.env.PORT || '8081';","        console.error('server starting on port ' + process.env.PORT);","        local.http.createServer(function (request, response) {","            request.urlParsed = local.url.parse(request.url);","            if (local.assetsDict[request.urlParsed.pathname] !== undefined) {","                response.end(local.assetsDict[request.urlParsed.pathname]);","                return;","            }","            response.statusCode = 404;","            response.end();","        }).listen(process.env.PORT);","        break;","    }","}());",""],"l":{"26":2,"28":2,"33":2,"35":2,"37":2,"38":2,"39":2,"44":1,"51":2,"55":2,"59":2,"61":2,"69":1,"70":2,"76":2,"79":2,"82":2,"83":2,"85":1,"89":2,"92":1,"93":1,"94":1,"96":1,"97":1,"100":1,"101":1,"103":1,"106":1,"108":2,"114":1,"116":1,"118":1,"123":1,"124":2,"125":2,"126":3,"127":3,"128":3,"129":3,"130":1,"133":3,"134":3,"139":3,"143":1,"144":3,"145":1,"149":1,"150":1,"158":1,"160":1,"161":1,"162":1,"164":1,"166":1,"258":1,"259":1,"271":1,"274":6,"275":6,"277":1,"279":2,"281":1,"283":2,"288":1,"289":1,"291":1,"296":1,"303":1,"306":1,"307":1,"310":1,"311":1,"313":1,"314":1,"315":1,"316":1,"317":1,"318":1,"319":1,"321":1,"322":1,"324":1}},"/home/travis/build/npmtest/node-npmtest-node-google-apps-script/node_modules/node-google-apps-script/index.js":{"path":"/home/travis/build/npmtest/node-npmtest-node-google-apps-script/node_modules/node-google-apps-script/index.js","s":{"1":1,"2":1,"3":1,"4":1},"b":{},"f":{},"fnMap":{},"statementMap":{"1":{"start":{"line":1,"column":0},"end":{"line":1,"column":53}},"2":{"start":{"line":2,"column":0},"end":{"line":2,"column":53}},"3":{"start":{"line":3,"column":0},"end":{"line":3,"column":57}},"4":{"start":{"line":4,"column":0},"end":{"line":4,"column":52}}},"branchMap":{},"code":["module.exports.auth = require('./lib/commands/auth');","module.exports.init = require('./lib/commands/init');","module.exports.upload = require('./lib/commands/upload');","module.exports.defaults = require('./lib/defaults');",""],"l":{"1":1,"2":1,"3":1,"4":1}},"/home/travis/build/npmtest/node-npmtest-node-google-apps-script/node_modules/node-google-apps-script/lib/commands/auth.js":{"path":"/home/travis/build/npmtest/node-npmtest-node-google-apps-script/node_modules/node-google-apps-script/lib/commands/auth.js","s":{"1":1,"2":1,"3":1,"4":1,"5":1,"6":1,"7":1,"8":1,"9":0,"10":0,"11":0,"12":0,"13":0,"14":0,"15":1,"16":0,"17":0,"18":0,"19":0,"20":0,"21":1,"22":0,"23":0,"24":0,"25":0,"26":0,"27":0,"28":0,"29":1,"30":0,"31":0,"32":0,"33":0,"34":0,"35":0,"36":0,"37":0,"38":0,"39":0,"40":0,"41":0,"42":0,"43":0,"44":0,"45":0,"46":0,"47":0,"48":0,"49":0,"50":0,"51":1,"52":0,"53":1,"54":0},"b":{"1":[0,0],"2":[0,0],"3":[0,0],"4":[0,0],"5":[0,0]},"f":{"1":0,"2":0,"3":0,"4":0,"5":0,"6":0,"7":0,"8":0,"9":0,"10":0,"11":0,"12":0,"13":0,"14":0,"15":0,"16":0,"17":0,"18":0,"19":0},"fnMap":{"1":{"name":"auth","line":15,"loc":{"start":{"line":15,"column":17},"end":{"line":15,"column":64}}},"2":{"name":"(anonymous_2)","line":17,"loc":{"start":{"line":17,"column":10},"end":{"line":17,"column":21}}},"3":{"name":"(anonymous_3)","line":21,"loc":{"start":{"line":21,"column":11},"end":{"line":21,"column":25}}},"4":{"name":"performAuthenticationFlow","line":29,"loc":{"start":{"line":29,"column":0},"end":{"line":29,"column":68}}},"5":{"name":"(anonymous_5)","line":31,"loc":{"start":{"line":31,"column":12},"end":{"line":31,"column":34}}},"6":{"name":"(anonymous_6)","line":36,"loc":{"start":{"line":36,"column":12},"end":{"line":36,"column":23}}},"7":{"name":"(anonymous_7)","line":39,"loc":{"start":{"line":39,"column":13},"end":{"line":39,"column":27}}},"8":{"name":"getCredentialsFromFile","line":45,"loc":{"start":{"line":45,"column":0},"end":{"line":45,"column":50}}},"9":{"name":"(anonymous_9)","line":48,"loc":{"start":{"line":48,"column":10},"end":{"line":48,"column":32}}},"10":{"name":"(anonymous_10)","line":61,"loc":{"start":{"line":61,"column":24},"end":{"line":61,"column":38}}},"11":{"name":"(anonymous_11)","line":64,"loc":{"start":{"line":64,"column":11},"end":{"line":64,"column":25}}},"12":{"name":"authenticateWithGoogle","line":70,"loc":{"start":{"line":70,"column":0},"end":{"line":70,"column":60}}},"13":{"name":"(anonymous_13)","line":71,"loc":{"start":{"line":71,"column":21},"end":{"line":71,"column":47}}},"14":{"name":"(anonymous_14)","line":86,"loc":{"start":{"line":86,"column":19},"end":{"line":86,"column":34}}},"15":{"name":"(anonymous_15)","line":87,"loc":{"start":{"line":87,"column":34},"end":{"line":87,"column":56}}},"16":{"name":"(anonymous_16)","line":100,"loc":{"start":{"line":100,"column":15},"end":{"line":100,"column":29}}},"17":{"name":"(anonymous_17)","line":112,"loc":{"start":{"line":112,"column":64},"end":{"line":112,"column":79}}},"18":{"name":"saveAuthenticationConfig","line":122,"loc":{"start":{"line":122,"column":0},"end":{"line":122,"column":47}}},"19":{"name":"cleanUp","line":126,"loc":{"start":{"line":126,"column":0},"end":{"line":126,"column":19}}}},"statementMap":{"1":{"start":{"line":1,"column":0},"end":{"line":1,"column":31}},"2":{"start":{"line":2,"column":0},"end":{"line":2,"column":35}},"3":{"start":{"line":3,"column":0},"end":{"line":3,"column":53}},"4":{"start":{"line":5,"column":0},"end":{"line":5,"column":34}},"5":{"start":{"line":6,"column":0},"end":{"line":6,"column":45}},"6":{"start":{"line":8,"column":0},"end":{"line":8,"column":38}},"7":{"start":{"line":10,"column":0},"end":{"line":13,"column":2}},"8":{"start":{"line":15,"column":0},"end":{"line":27,"column":2}},"9":{"start":{"line":16,"column":2},"end":{"line":26,"column":7}},"10":{"start":{"line":18,"column":6},"end":{"line":18,"column":115}},"11":{"start":{"line":19,"column":6},"end":{"line":19,"column":31}},"12":{"start":{"line":22,"column":6},"end":{"line":24,"column":7}},"13":{"start":{"line":23,"column":8},"end":{"line":23,"column":137}},"14":{"start":{"line":25,"column":6},"end":{"line":25,"column":72}},"15":{"start":{"line":29,"column":0},"end":{"line":43,"column":1}},"16":{"start":{"line":30,"column":2},"end":{"line":42,"column":9}},"17":{"start":{"line":32,"column":8},"end":{"line":32,"column":66}},"18":{"start":{"line":37,"column":8},"end":{"line":37,"column":75}},"19":{"start":{"line":40,"column":8},"end":{"line":40,"column":64}},"20":{"start":{"line":41,"column":8},"end":{"line":41,"column":18}},"21":{"start":{"line":45,"column":0},"end":{"line":68,"column":1}},"22":{"start":{"line":46,"column":2},"end":{"line":67,"column":7}},"23":{"start":{"line":49,"column":6},"end":{"line":51,"column":7}},"24":{"start":{"line":50,"column":8},"end":{"line":50,"column":133}},"25":{"start":{"line":55,"column":6},"end":{"line":59,"column":8}},"26":{"start":{"line":62,"column":6},"end":{"line":62,"column":47}},"27":{"start":{"line":65,"column":6},"end":{"line":65,"column":45}},"28":{"start":{"line":66,"column":6},"end":{"line":66,"column":16}},"29":{"start":{"line":70,"column":0},"end":{"line":120,"column":1}},"30":{"start":{"line":71,"column":2},"end":{"line":119,"column":5}},"31":{"start":{"line":73,"column":4},"end":{"line":73,"column":48}},"32":{"start":{"line":74,"column":4},"end":{"line":76,"column":5}},"33":{"start":{"line":75,"column":6},"end":{"line":75,"column":67}},"34":{"start":{"line":78,"column":4},"end":{"line":78,"column":104}},"35":{"start":{"line":79,"column":4},"end":{"line":83,"column":7}},"36":{"start":{"line":86,"column":4},"end":{"line":92,"column":6}},"37":{"start":{"line":87,"column":6},"end":{"line":91,"column":9}},"38":{"start":{"line":88,"column":8},"end":{"line":88,"column":33}},"39":{"start":{"line":88,"column":19},"end":{"line":88,"column":31}},"40":{"start":{"line":89,"column":8},"end":{"line":89,"column":57}},"41":{"start":{"line":90,"column":8},"end":{"line":90,"column":29}},"42":{"start":{"line":94,"column":4},"end":{"line":94,"column":121}},"43":{"start":{"line":96,"column":4},"end":{"line":118,"column":5}},"44":{"start":{"line":98,"column":6},"end":{"line":103,"column":11}},"45":{"start":{"line":101,"column":10},"end":{"line":101,"column":69}},"46":{"start":{"line":102,"column":10},"end":{"line":102,"column":20}},"47":{"start":{"line":107,"column":6},"end":{"line":110,"column":9}},"48":{"start":{"line":112,"column":6},"end":{"line":117,"column":9}},"49":{"start":{"line":113,"column":8},"end":{"line":113,"column":19}},"50":{"start":{"line":115,"column":8},"end":{"line":115,"column":23}},"51":{"start":{"line":122,"column":0},"end":{"line":124,"column":1}},"52":{"start":{"line":123,"column":2},"end":{"line":123,"column":86}},"53":{"start":{"line":126,"column":0},"end":{"line":128,"column":1}},"54":{"start":{"line":127,"column":2},"end":{"line":127,"column":26}}},"branchMap":{"1":{"line":22,"type":"if","locations":[{"start":{"line":22,"column":6},"end":{"line":22,"column":6}},{"start":{"line":22,"column":6},"end":{"line":22,"column":6}}]},"2":{"line":49,"type":"if","locations":[{"start":{"line":49,"column":6},"end":{"line":49,"column":6}},{"start":{"line":49,"column":6},"end":{"line":49,"column":6}}]},"3":{"line":74,"type":"if","locations":[{"start":{"line":74,"column":4},"end":{"line":74,"column":4}},{"start":{"line":74,"column":4},"end":{"line":74,"column":4}}]},"4":{"line":88,"type":"if","locations":[{"start":{"line":88,"column":8},"end":{"line":88,"column":8}},{"start":{"line":88,"column":8},"end":{"line":88,"column":8}}]},"5":{"line":96,"type":"if","locations":[{"start":{"line":96,"column":4},"end":{"line":96,"column":4}},{"start":{"line":96,"column":4},"end":{"line":96,"column":4}}]}},"code":["var colors = require('colors');","var readline = require('readline');","var OAuth2Client = require('googleapis').auth.OAuth2;","","var Promise = require('bluebird');","var fs = Promise.promisifyAll(require('fs'));","","var defaults = require('../defaults');","","var GOOGLE_AUTH_SCOPE = [","  'https://www.googleapis.com/auth/drive',","  'https://www.googleapis.com/auth/drive.scripts'","];","","module.exports = function auth(clientSecretPath, withWebserver) {","  return fs.lstatAsync(defaults.STORAGE_FILE)","    .then(function() {","      console.log(defaults.STORAGE_FILE + ' already exists. Remove it to re-authenticate node-google-apps-script');","      return Promise.resolve();","    })","    .catch(function(err) {","      if (!clientSecretPath) {","        throw defaults.STORAGE_FILE + ' does not exist yet. Specify a credential file with `--auth ~/Downloads/client_secret_abcd.json`';","      }","      return performAuthenticationFlow(clientSecretPath, withWebserver);","    });","};","","function performAuthenticationFlow(clientSecretPath, withWebserver) {","  return getCredentialsFromFile(clientSecretPath)","      .then(function(credentials) {","        return authenticateWithGoogle(credentials, withWebserver);","      })","      .then(saveAuthenticationConfig)","      .then(cleanUp)","      .then(function() {","        console.log('Successfully Authenticated with Google Drive!'.green);","      })","      .catch(function(err) {","        console.log('Error running auth command'.underline.red);","        throw err;","      });","}","","function getCredentialsFromFile(clientSecretPath) {","  return fs.readFileAsync(clientSecretPath)","    .then(JSON.parse)","    .then(function(credentials) {","      if (!credentials.installed) {","        throw 'Path did not include \"OAuth 2.0 client ID\" credentials. Please check that you downloaded the right JSON credentials.';","      }","      ","      // Add important auth information to persist","      // return credentials","      return {","        client_id: credentials.installed.client_id,","        client_secret: credentials.installed.client_secret,","        redirect_uri: credentials.installed.redirect_uris[0]","      };","    })","    .catch(SyntaxError, function(err) {","      console.log('Invalid file contents'.red);","    })","    .error(function(err) {","      console.log('Unable to read file'.red);","      throw err;","    });","}","","function authenticateWithGoogle(credentials, withWebserver) {","  return new Promise(function(resolve, reject) {","","    var redirect_uri = credentials.redirect_uri;","    if (withWebserver) {","      redirect_uri = 'http://localhost:' + defaults.WEBSERVER_PORT;","    }","","    var oauth2Client = new OAuth2Client(credentials.client_id, credentials.client_secret, redirect_uri);","    var url = oauth2Client.generateAuthUrl({","      access_type: 'offline', // Required to receive a refresh token","      approval_prompt: 'force',","      scope: GOOGLE_AUTH_SCOPE","    });","","","    var getToken = function(code) {","      oauth2Client.getToken(code, function(err, tokens) {","        if (err) { reject(err); }","        credentials.refresh_token = tokens.refresh_token;","        resolve(credentials);","      });","    };","","    console.log('\\nPlease visit the following url in your browser (you\\'ll only have to do this once):'.cyan, url.green);","","    if (withWebserver) {","","      require('../miniOAuthServer')(defaults.WEBSERVER_PORT)","        .then(getToken)","        .catch(function(err) {","          console.log('Something went wrong with the webserver'.red);","          throw err;","        });","","    } else {","","      var rl = readline.createInterface({","        input: process.stdin,","        output: process.stdout","      });","","      rl.question('Copy the provided code and paste it here: ', function(code) {","        rl.close();","","        getToken(code);","","      });","    }","  });","}","","function saveAuthenticationConfig(credentials) {","  return fs.writeFileAsync(defaults.STORAGE_FILE, JSON.stringify(credentials, \"\", 2));","}","","function cleanUp() {","  process.stdin.destroy();","}",""],"l":{"1":1,"2":1,"3":1,"5":1,"6":1,"8":1,"10":1,"15":1,"16":0,"18":0,"19":0,"22":0,"23":0,"25":0,"29":1,"30":0,"32":0,"37":0,"40":0,"41":0,"45":1,"46":0,"49":0,"50":0,"55":0,"62":0,"65":0,"66":0,"70":1,"71":0,"73":0,"74":0,"75":0,"78":0,"79":0,"86":0,"87":0,"88":0,"89":0,"90":0,"94":0,"96":0,"98":0,"101":0,"102":0,"107":0,"112":0,"113":0,"115":0,"122":1,"123":0,"126":1,"127":0}},"/home/travis/build/npmtest/node-npmtest-node-google-apps-script/node_modules/node-google-apps-script/lib/defaults.js":{"path":"/home/travis/build/npmtest/node-npmtest-node-google-apps-script/node_modules/node-google-apps-script/lib/defaults.js","s":{"1":1,"2":1,"3":1},"b":{"1":[0,1]},"f":{"1":1},"fnMap":{"1":{"name":"getUserHome","line":9,"loc":{"start":{"line":9,"column":0},"end":{"line":9,"column":23}}}},"statementMap":{"1":{"start":{"line":1,"column":0},"end":{"line":7,"column":2}},"2":{"start":{"line":9,"column":0},"end":{"line":11,"column":1}},"3":{"start":{"line":10,"column":2},"end":{"line":10,"column":77}}},"branchMap":{"1":{"line":10,"type":"cond-expr","locations":[{"start":{"line":10,"column":53},"end":{"line":10,"column":66}},{"start":{"line":10,"column":69},"end":{"line":10,"column":75}}]}},"code":["module.exports = {","  DEFAULT_SUBDIR: 'src',","  STORAGE_FILE: getUserHome() + '/.gapps',","  CONFIG_NAME: 'gapps.config.json',","  WEBSERVER_PORT: 2386,","  DOWNLOAD_URL: 'https://script.google.com/feeds/download/export?format=json&id='","};","","function getUserHome() {","  return process.env[(process.platform == 'win32') ? 'USERPROFILE' : 'HOME'];","}",""],"l":{"1":1,"9":1,"10":1}},"/home/travis/build/npmtest/node-npmtest-node-google-apps-script/node_modules/node-google-apps-script/lib/commands/init.js":{"path":"/home/travis/build/npmtest/node-npmtest-node-google-apps-script/node_modules/node-google-apps-script/lib/commands/init.js","s":{"1":1,"2":1,"3":1,"4":1,"5":1,"6":1,"7":1,"8":1,"9":0,"10":0,"11":0,"12":0,"13":0,"14":0,"15":0,"16":0,"17":0,"18":0,"19":0,"20":0,"21":1,"22":0,"23":0,"24":0,"25":0,"26":1,"27":0,"28":0,"29":0,"30":0},"b":{"1":[0,0],"2":[0,0],"3":[0,0],"4":[0,0]},"f":{"1":0,"2":0,"3":0,"4":0,"5":0,"6":0,"7":0,"8":0,"9":0},"fnMap":{"1":{"name":"init","line":11,"loc":{"start":{"line":11,"column":17},"end":{"line":11,"column":48}}},"2":{"name":"(anonymous_2)","line":29,"loc":{"start":{"line":29,"column":10},"end":{"line":29,"column":21}}},"3":{"name":"(anonymous_3)","line":32,"loc":{"start":{"line":32,"column":10},"end":{"line":32,"column":21}}},"4":{"name":"(anonymous_4)","line":35,"loc":{"start":{"line":35,"column":10},"end":{"line":35,"column":27}}},"5":{"name":"(anonymous_5)","line":38,"loc":{"start":{"line":38,"column":9},"end":{"line":38,"column":24}}},"6":{"name":"(anonymous_6)","line":41,"loc":{"start":{"line":41,"column":11},"end":{"line":41,"column":25}}},"7":{"name":"writeExternalFile","line":47,"loc":{"start":{"line":47,"column":0},"end":{"line":47,"column":38}}},"8":{"name":"(anonymous_8)","line":50,"loc":{"start":{"line":50,"column":11},"end":{"line":50,"column":25}}},"9":{"name":"fileIdIsValid","line":56,"loc":{"start":{"line":56,"column":0},"end":{"line":56,"column":31}}}},"statementMap":{"1":{"start":{"line":1,"column":0},"end":{"line":1,"column":31}},"2":{"start":{"line":2,"column":0},"end":{"line":2,"column":31}},"3":{"start":{"line":4,"column":0},"end":{"line":4,"column":34}},"4":{"start":{"line":5,"column":0},"end":{"line":5,"column":45}},"5":{"start":{"line":7,"column":0},"end":{"line":7,"column":29}},"6":{"start":{"line":8,"column":0},"end":{"line":8,"column":38}},"7":{"start":{"line":9,"column":0},"end":{"line":9,"column":42}},"8":{"start":{"line":11,"column":0},"end":{"line":45,"column":2}},"9":{"start":{"line":12,"column":2},"end":{"line":12,"column":57}},"10":{"start":{"line":14,"column":2},"end":{"line":16,"column":3}},"11":{"start":{"line":15,"column":4},"end":{"line":15,"column":11}},"12":{"start":{"line":18,"column":2},"end":{"line":22,"column":4}},"13":{"start":{"line":24,"column":2},"end":{"line":26,"column":31}},"14":{"start":{"line":28,"column":2},"end":{"line":44,"column":7}},"15":{"start":{"line":30,"column":6},"end":{"line":30,"column":36}},"16":{"start":{"line":33,"column":6},"end":{"line":33,"column":28}},"17":{"start":{"line":36,"column":6},"end":{"line":36,"column":48}},"18":{"start":{"line":39,"column":6},"end":{"line":39,"column":44}},"19":{"start":{"line":42,"column":6},"end":{"line":42,"column":52}},"20":{"start":{"line":43,"column":6},"end":{"line":43,"column":16}},"21":{"start":{"line":47,"column":0},"end":{"line":54,"column":1}},"22":{"start":{"line":48,"column":2},"end":{"line":48,"column":56}},"23":{"start":{"line":49,"column":2},"end":{"line":53,"column":6}},"24":{"start":{"line":51,"column":6},"end":{"line":51,"column":54}},"25":{"start":{"line":52,"column":6},"end":{"line":52,"column":16}},"26":{"start":{"line":56,"column":0},"end":{"line":66,"column":1}},"27":{"start":{"line":57,"column":2},"end":{"line":65,"column":3}},"28":{"start":{"line":58,"column":4},"end":{"line":61,"column":94}},"29":{"start":{"line":62,"column":5},"end":{"line":62,"column":18}},"30":{"start":{"line":64,"column":5},"end":{"line":64,"column":17}}},"branchMap":{"1":{"line":12,"type":"binary-expr","locations":[{"start":{"line":12,"column":15},"end":{"line":12,"column":29}},{"start":{"line":12,"column":33},"end":{"line":12,"column":56}}]},"2":{"line":14,"type":"if","locations":[{"start":{"line":14,"column":2},"end":{"line":14,"column":2}},{"start":{"line":14,"column":2},"end":{"line":14,"column":2}}]},"3":{"line":24,"type":"cond-expr","locations":[{"start":{"line":25,"column":4},"end":{"line":25,"column":21}},{"start":{"line":26,"column":4},"end":{"line":26,"column":30}}]},"4":{"line":57,"type":"if","locations":[{"start":{"line":57,"column":2},"end":{"line":57,"column":2}},{"start":{"line":57,"column":2},"end":{"line":57,"column":2}}]}},"code":["var colors = require('colors');","var mkdirp = require('mkdirp');","","var Promise = require('bluebird');","var fs = Promise.promisifyAll(require('fs'));","","var util = require('../util')","var defaults = require('../defaults');","var manifestor = require('../manifestor');","","module.exports = function init(fileId, options) {","  var subdir = options.subdir || defaults.DEFAULT_SUBDIR;","  ","  if(!fileIdIsValid(fileId)) {","    return;","  }","  ","  var config = {","    path: subdir,","    fileId: fileId,","    key: options.key","  };","","  var overwritePromise = options.overwrite ?","    Promise.resolve() :","    manifestor.throwIfConfig();","","  return overwritePromise","    .then(function() {","      return manifestor.set(config);","    })","    .then(function() {","      return mkdirp(subdir);","    })","    .then(function(config) {","      return manifestor.getExternalFiles(fileId)","    })","    .map(function(file) {","      return writeExternalFile(file, subdir)","    })","    .catch(function(err) {","      console.log('Error running init command'.red);","      throw err;","    });","};","","function writeExternalFile(file, dir) {","  var filename = file.name + util.getFileExtension(file)","  return fs.writeFileAsync(dir + '/' + filename, file.source)","    .catch(function(err) {","      console.log('Could not write file ' + filename);","      throw err;","    })","}","","function fileIdIsValid(fileId) {","  if(fileId.charAt(0).toLowerCase() === 'm') {","    console.log('\\nScript file ID error.'.red + '\\n' + ","        'It looks like you are passing in a Project Key, from \"File --> Project properties\",' +","        'rather than a Drive File ID.\\nYou will find the Drive File ID in the script\\'s URL:\\n' +","        'https://script.google.com/a/google.com/d/' + '__DRIVE_FILE_ID__'.green + '/edit.\\n');","     return false;","  } else {","     return true;","  } ","}"],"l":{"1":1,"2":1,"4":1,"5":1,"7":1,"8":1,"9":1,"11":1,"12":0,"14":0,"15":0,"18":0,"24":0,"28":0,"30":0,"33":0,"36":0,"39":0,"42":0,"43":0,"47":1,"48":0,"49":0,"51":0,"52":0,"56":1,"57":0,"58":0,"62":0,"64":0}},"/home/travis/build/npmtest/node-npmtest-node-google-apps-script/node_modules/node-google-apps-script/lib/util.js":{"path":"/home/travis/build/npmtest/node-npmtest-node-google-apps-script/node_modules/node-google-apps-script/lib/util.js","s":{"1":1,"2":1,"3":1,"4":1,"5":1,"6":0,"7":0,"8":0,"9":0,"10":0,"11":0,"12":0,"13":0,"14":0,"15":0,"16":0,"17":0,"18":0,"19":1,"20":0,"21":1,"22":0,"23":0,"24":0,"25":0,"26":1,"27":0,"28":0,"29":0,"30":0,"31":0,"32":0,"33":0,"34":1,"35":0,"36":0,"37":0,"38":0,"39":0,"40":1,"41":0,"42":0,"43":0,"44":1,"45":1,"46":1,"47":1,"48":1,"49":1},"b":{"1":[0,0],"2":[0,0],"3":[0,0],"4":[0,0],"5":[0,0],"6":[0,0],"7":[0,0],"8":[0,0],"9":[0,0]},"f":{"1":0,"2":0,"3":0,"4":0,"5":0,"6":0,"7":0,"8":0,"9":0,"10":0,"11":0},"fnMap":{"1":{"name":"getFilesFromDisk","line":6,"loc":{"start":{"line":6,"column":0},"end":{"line":6,"column":34}}},"2":{"name":"(anonymous_2)","line":7,"loc":{"start":{"line":7,"column":21},"end":{"line":7,"column":47}}},"3":{"name":"(anonymous_3)","line":14,"loc":{"start":{"line":14,"column":6},"end":{"line":14,"column":45}}},"4":{"name":"(anonymous_4)","line":27,"loc":{"start":{"line":27,"column":6},"end":{"line":27,"column":20}}},"5":{"name":"(anonymous_5)","line":32,"loc":{"start":{"line":32,"column":9},"end":{"line":32,"column":20}}},"6":{"name":"updateFileSource","line":38,"loc":{"start":{"line":38,"column":0},"end":{"line":38,"column":49}}},"7":{"name":"hasFileOnDisk","line":42,"loc":{"start":{"line":42,"column":0},"end":{"line":42,"column":42}}},"8":{"name":"(anonymous_8)","line":43,"loc":{"start":{"line":43,"column":28},"end":{"line":43,"column":49}}},"9":{"name":"getFileType","line":50,"loc":{"start":{"line":50,"column":0},"end":{"line":50,"column":27}}},"10":{"name":"getFileExtension","line":57,"loc":{"start":{"line":57,"column":0},"end":{"line":57,"column":32}}},"11":{"name":"swapGStoJS","line":63,"loc":{"start":{"line":63,"column":0},"end":{"line":63,"column":30}}}},"statementMap":{"1":{"start":{"line":1,"column":0},"end":{"line":1,"column":26}},"2":{"start":{"line":2,"column":0},"end":{"line":2,"column":30}},"3":{"start":{"line":3,"column":0},"end":{"line":3,"column":27}},"4":{"start":{"line":4,"column":0},"end":{"line":4,"column":34}},"5":{"start":{"line":6,"column":0},"end":{"line":36,"column":1}},"6":{"start":{"line":7,"column":2},"end":{"line":35,"column":5}},"7":{"start":{"line":9,"column":4},"end":{"line":9,"column":25}},"8":{"start":{"line":12,"column":4},"end":{"line":30,"column":9}},"9":{"start":{"line":15,"column":8},"end":{"line":15,"column":36}},"10":{"start":{"line":15,"column":17},"end":{"line":15,"column":36}},"11":{"start":{"line":18,"column":8},"end":{"line":18,"column":36}},"12":{"start":{"line":19,"column":8},"end":{"line":19,"column":31}},"13":{"start":{"line":21,"column":8},"end":{"line":21,"column":31}},"14":{"start":{"line":24,"column":8},"end":{"line":24,"column":15}},"15":{"start":{"line":28,"column":8},"end":{"line":28,"column":36}},"16":{"start":{"line":28,"column":17},"end":{"line":28,"column":36}},"17":{"start":{"line":29,"column":8},"end":{"line":29,"column":29}},"18":{"start":{"line":34,"column":4},"end":{"line":34,"column":14}},"19":{"start":{"line":38,"column":0},"end":{"line":40,"column":1}},"20":{"start":{"line":39,"column":2},"end":{"line":39,"column":40}},"21":{"start":{"line":42,"column":0},"end":{"line":48,"column":1}},"22":{"start":{"line":43,"column":2},"end":{"line":47,"column":5}},"23":{"start":{"line":44,"column":4},"end":{"line":44,"column":49}},"24":{"start":{"line":45,"column":4},"end":{"line":45,"column":57}},"25":{"start":{"line":46,"column":4},"end":{"line":46,"column":32}},"26":{"start":{"line":50,"column":0},"end":{"line":55,"column":1}},"27":{"start":{"line":51,"column":2},"end":{"line":51,"column":45}},"28":{"start":{"line":51,"column":26},"end":{"line":51,"column":45}},"29":{"start":{"line":52,"column":2},"end":{"line":52,"column":45}},"30":{"start":{"line":52,"column":26},"end":{"line":52,"column":45}},"31":{"start":{"line":53,"column":2},"end":{"line":53,"column":42}},"32":{"start":{"line":53,"column":28},"end":{"line":53,"column":42}},"33":{"start":{"line":54,"column":2},"end":{"line":54,"column":95}},"34":{"start":{"line":57,"column":0},"end":{"line":61,"column":1}},"35":{"start":{"line":58,"column":2},"end":{"line":58,"column":46}},"36":{"start":{"line":58,"column":33},"end":{"line":58,"column":46}},"37":{"start":{"line":59,"column":2},"end":{"line":59,"column":43}},"38":{"start":{"line":59,"column":28},"end":{"line":59,"column":43}},"39":{"start":{"line":60,"column":2},"end":{"line":60,"column":49}},"40":{"start":{"line":63,"column":0},"end":{"line":68,"column":1}},"41":{"start":{"line":64,"column":2},"end":{"line":66,"column":3}},"42":{"start":{"line":65,"column":4},"end":{"line":65,"column":67}},"43":{"start":{"line":67,"column":2},"end":{"line":67,"column":18}},"44":{"start":{"line":71,"column":0},"end":{"line":71,"column":51}},"45":{"start":{"line":72,"column":0},"end":{"line":72,"column":51}},"46":{"start":{"line":73,"column":0},"end":{"line":73,"column":45}},"47":{"start":{"line":74,"column":0},"end":{"line":74,"column":41}},"48":{"start":{"line":75,"column":0},"end":{"line":75,"column":51}},"49":{"start":{"line":76,"column":0},"end":{"line":76,"column":39}}},"branchMap":{"1":{"line":15,"type":"if","locations":[{"start":{"line":15,"column":8},"end":{"line":15,"column":8}},{"start":{"line":15,"column":8},"end":{"line":15,"column":8}}]},"2":{"line":28,"type":"if","locations":[{"start":{"line":28,"column":8},"end":{"line":28,"column":8}},{"start":{"line":28,"column":8},"end":{"line":28,"column":8}}]},"3":{"line":46,"type":"binary-expr","locations":[{"start":{"line":46,"column":11},"end":{"line":46,"column":19}},{"start":{"line":46,"column":23},"end":{"line":46,"column":31}}]},"4":{"line":51,"type":"if","locations":[{"start":{"line":51,"column":2},"end":{"line":51,"column":2}},{"start":{"line":51,"column":2},"end":{"line":51,"column":2}}]},"5":{"line":52,"type":"if","locations":[{"start":{"line":52,"column":2},"end":{"line":52,"column":2}},{"start":{"line":52,"column":2},"end":{"line":52,"column":2}}]},"6":{"line":53,"type":"if","locations":[{"start":{"line":53,"column":2},"end":{"line":53,"column":2}},{"start":{"line":53,"column":2},"end":{"line":53,"column":2}}]},"7":{"line":58,"type":"if","locations":[{"start":{"line":58,"column":2},"end":{"line":58,"column":2}},{"start":{"line":58,"column":2},"end":{"line":58,"column":2}}]},"8":{"line":59,"type":"if","locations":[{"start":{"line":59,"column":2},"end":{"line":59,"column":2}},{"start":{"line":59,"column":2},"end":{"line":59,"column":2}}]},"9":{"line":64,"type":"if","locations":[{"start":{"line":64,"column":2},"end":{"line":64,"column":2}},{"start":{"line":64,"column":2},"end":{"line":64,"column":2}}]}},"code":["var _ = require('lodash');","var dir = require('node-dir');","var path = require('path');","var Promise = require('bluebird');","","function getFilesFromDisk(subdir) {","  return new Promise(function(resolve, reject) {","","    var filesOnDisk = [];","","    // Only iterate through supported .js, .gs and .html files in dir","    dir.readFiles(subdir, { match: /.js$|.gs$|.html$/ },","      // Invoke this callback on each file","      function(err, content, filename, next) {","        if (err) return reject(err);","","        // Parse file's absolute path and add its content to result object","        file = path.parse(filename);","        file.content = content;","","        filesOnDisk.push(file);","","        // Continue to next file","        next();","      },","      // finished callback.","      function(err) {","        if (err) return reject(err);","        resolve(filesOnDisk);","      });","  })","  .error(function() {","    // swallow ENOENT","    return [];","  });","}","","function updateFileSource(existingFile, newFile) {","  existingFile.source = newFile.content;","}","","function hasFileOnDisk(filesOnDisk, file) {","  return _.any(filesOnDisk, function(fileOnDisk) {","    var sameName = file.name === fileOnDisk.name;","    var sameType = file.type === getFileType(fileOnDisk);","    return sameName && sameType;","  });","}","","function getFileType(file) {","  if (file.ext === '.js') return 'server_js';","  if (file.ext === '.gs') return 'server_js';","  if (file.ext === '.html') return 'html';","  throw new Error('Unsupported file type found. Google Apps Script only allows .js and .html');","}","","function getFileExtension(file) {","  if (file.type === 'server_js') return '.js';","  if (file.type === 'html') return '.html';","  throw new Error('Unsupported file type found');","}","","function swapGStoJS(filename) {","  if (filename.indexOf('.gs') === filename.length - 3) {","    return filename.substr(0, filename.lastIndexOf('.gs')) + '.js';","  }","  return filename;","}","","","module.exports.getFilesFromDisk = getFilesFromDisk;","module.exports.updateFileSource = updateFileSource;","module.exports.hasFileOnDisk = hasFileOnDisk;","module.exports.getFileType = getFileType;","module.exports.getFileExtension = getFileExtension;","module.exports.swapGStoJS = swapGStoJS;",""],"l":{"1":1,"2":1,"3":1
[...]
"column":7}},"24":{"start":{"line":60,"column":6},"end":{"line":60,"column":43}},"25":{"start":{"line":63,"column":6},"end":{"line":63,"column":85}},"26":{"start":{"line":64,"column":6},"end":{"line":64,"column":16}},"27":{"start":{"line":69,"column":0},"end":{"line":94,"column":1}},"28":{"start":{"line":70,"column":2},"end":{"line":75,"column":4}},"29":{"start":{"line":77,"column":2},"end":{"line":93,"column":7}},"30":{"start":{"line":79,"column":6},"end":{"line":79,"column":30}},"31":{"start":{"line":82,"column":6},"end":{"line":84,"column":7}},"32":{"start":{"line":83,"column":8},"end":{"line":83,"column":104}},"33":{"start":{"line":85,"column":6},"end":{"line":85,"column":27}},"34":{"start":{"line":88,"column":6},"end":{"line":88,"column":53}},"35":{"start":{"line":89,"column":6},"end":{"line":89,"column":16}},"36":{"start":{"line":92,"column":6},"end":{"line":92,"column":16}},"37":{"start":{"line":96,"column":0},"end":{"line":105,"column":1}},"38":{"start":{"line":97,"column":2},"end":{"line":104,"column":7}},"39":{"start":{"line":100,"column":6},"end":{"line":100,"column":69}},"40":{"start":{"line":107,"column":0},"end":{"line":118,"column":1}},"41":{"start":{"line":108,"column":2},"end":{"line":117,"column":7}},"42":{"start":{"line":111,"column":6},"end":{"line":111,"column":46}},"43":{"start":{"line":112,"column":6},"end":{"line":112,"column":16}},"44":{"start":{"line":115,"column":6},"end":{"line":115,"column":47}},"45":{"start":{"line":116,"column":6},"end":{"line":116,"column":16}},"46":{"start":{"line":120,"column":0},"end":{"line":125,"column":1}},"47":{"start":{"line":121,"column":2},"end":{"line":124,"column":7}},"48":{"start":{"line":123,"column":6},"end":{"line":123,"column":20}},"49":{"start":{"line":127,"column":0},"end":{"line":127,"column":29}},"50":{"start":{"line":128,"column":0},"end":{"line":128,"column":31}},"51":{"start":{"line":129,"column":0},"end":{"line":129,"column":31}},"52":{"start":{"line":130,"column":0},"end":{"line":130,"column":51}},"53":{"start":{"line":131,"column":0},"end":{"line":131,"column":45}}},"branchMap":{"1":{"line":32,"type":"if","locations":[{"start":{"line":32,"column":8},"end":{"line":32,"column":8}},{"start":{"line":32,"column":8},"end":{"line":32,"column":8}}]},"2":{"line":82,"type":"if","locations":[{"start":{"line":82,"column":6},"end":{"line":82,"column":6}},{"start":{"line":82,"column":6},"end":{"line":82,"column":6}}]}},"code":["var _ = require('lodash');","var path = require('path');","var colors = require('colors');","","var Promise = require('bluebird');","var fs = Promise.promisifyAll(require('fs'));","var request = Promise.promisifyAll(require('request'));","","var util = require('./util');","var defaults = require('./defaults');","var authenticate = require('./authenticate');","","/**","  build generates a manifest to be uploaded to google drive","  @param externalFiles {Object} files in the cloud","  @return {Object} manifest"," */","var build = function(externalFiles) {","  return getConfig().get('path')","    .then(util.getFilesFromDisk)","    .then(function(files) {","","      // for each manifest file, if it has an equivalent on disk, keep it","      // otherwise trash it","      var filesToUpload = _.filter(externalFiles, function(externalFile) {","        return util.hasFileOnDisk(files, externalFile);","      });","","      _.each(files, function(file) {","        // Add new file or update existing record","        var manifestFile = getFileInManifest(filesToUpload, file);","        if (manifestFile === undefined) {","          // add","          filesToUpload.push({","            name: file.name,","            type: util.getFileType(file),","            source: file.content","          });","","        } else {","          // update","          util.updateFileSource(manifestFile, file);","        }","      });","","      return filesToUpload;","    });","};","","function getFileInManifest(files, file) {","  return _.findWhere(files, {","    name: file.name,","    type: util.getFileType(file)","  });","}","","function getExternalFiles(fileId) {","  return authenticate()","    .then(function(auth) {","      return getProjectFiles(fileId, auth);","    })","    .catch(function(err) {","      console.log('Script file ID not found. Please input an ID and try again.'.red);","      throw err;","    });","}","","","function getProjectFiles(fileId, auth) {","  var options = {","    url: defaults.DOWNLOAD_URL + fileId,","    qs : {","      'access_token': auth.credentials.access_token","    }","  };","","  return request.getAsync(options)","    .spread(function(res, body) {","      return JSON.parse(body);","    })","    .then(function(project) {","      if (!project.files) {","        throw 'Looks like there are no files associated with this project. Check the id and try again.';","      }","      return project.files;","    })","    .catch(SyntaxError, function(err) {","      console.log('Error parsing project files'.red);","      throw err;","    })","    .error(function(err){ ","      throw err;","    });","}","","function throwIfConfig() {","  return fs.readFileAsync(defaults.CONFIG_NAME)","    .then(JSON.parse)","    .then(function() {","      throw 'Config already exists. Cowardly refusing to overwrite.';","    })","    .error(function() {","      // swallow error","    });","}","","function getConfig() {","  return fs.readFileAsync(defaults.CONFIG_NAME)","    .then(JSON.parse)","    .catch(SyntaxError, function(err) {","      console.log('Error parsing config'.red);","      throw err;","    })","    .error(function(err) {","      console.log('Config does not exist'.red);","      throw err;","    });","}","","function setConfig(config) {","  return fs.writeFileAsync(defaults.CONFIG_NAME, JSON.stringify(config, \"\", 2))","    .then(function() {","      return config;","    });","}","","module.exports.build = build;","module.exports.get = getConfig;","module.exports.set = setConfig;","module.exports.getExternalFiles = getExternalFiles;","module.exports.throwIfConfig = throwIfConfig;",""],"l":{"1":1,"2":1,"3":1,"5":1,"6":1,"7":1,"9":1,"10":1,"11":1,"18":1,"19":0,"25":0,"26":0,"29":0,"31":0,"32":0,"34":0,"42":0,"46":0,"50":1,"51":0,"57":1,"58":0,"60":0,"63":0,"64":0,"69":1,"70":0,"77":0,"79":0,"82":0,"83":0,"85":0,"88":0,"89":0,"92":0,"96":1,"97":0,"100":0,"107":1,"108":0,"111":0,"112":0,"115":0,"116":0,"120":1,"121":0,"123":0,"127":1,"128":1,"129":1,"130":1,"131":1}},"/home/travis/build/npmtest/node-npmtest-node-google-apps-script/node_modules/node-google-apps-script/lib/authenticate.js":{"path":"/home/travis/build/npmtest/node-npmtest-node-google-apps-script/node_modules/node-google-apps-script/lib/authenticate.js","s":{"1":1,"2":1,"3":1,"4":1,"5":1,"6":1,"7":0,"8":0,"9":1,"10":0,"11":0,"12":0,"13":0,"14":1,"15":0,"16":0,"17":0,"18":0,"19":0,"20":0,"21":0,"22":0},"b":{"1":[0,0]},"f":{"1":0,"2":0,"3":0,"4":0,"5":0,"6":0,"7":0,"8":0},"fnMap":{"1":{"name":"authenticate","line":9,"loc":{"start":{"line":9,"column":17},"end":{"line":9,"column":41}}},"2":{"name":"(anonymous_2)","line":12,"loc":{"start":{"line":12,"column":11},"end":{"line":12,"column":25}}},"3":{"name":"getCredentials","line":17,"loc":{"start":{"line":17,"column":0},"end":{"line":17,"column":26}}},"4":{"name":"(anonymous_4)","line":20,"loc":{"start":{"line":20,"column":24},"end":{"line":20,"column":36}}},"5":{"name":"(anonymous_5)","line":23,"loc":{"start":{"line":23,"column":11},"end":{"line":23,"column":23}}},"6":{"name":"createAuthClient","line":29,"loc":{"start":{"line":29,"column":0},"end":{"line":29,"column":39}}},"7":{"name":"(anonymous_7)","line":38,"loc":{"start":{"line":38,"column":21},"end":{"line":38,"column":47}}},"8":{"name":"(anonymous_8)","line":39,"loc":{"start":{"line":39,"column":28},"end":{"line":39,"column":50}}}},"statementMap":{"1":{"start":{"line":1,"column":0},"end":{"line":1,"column":31}},"2":{"start":{"line":2,"column":0},"end":{"line":2,"column":53}},"3":{"start":{"line":4,"column":0},"end":{"line":4,"column":34}},"4":{"start":{"line":5,"column":0},"end":{"line":5,"column":45}},"5":{"start":{"line":7,"column":0},"end":{"line":7,"column":37}},"6":{"start":{"line":9,"column":0},"end":{"line":15,"column":2}},"7":{"start":{"line":10,"column":2},"end":{"line":14,"column":7}},"8":{"start":{"line":13,"column":6},"end":{"line":13,"column":55}},"9":{"start":{"line":17,"column":0},"end":{"line":27,"column":1}},"10":{"start":{"line":18,"column":2},"end":{"line":26,"column":7}},"11":{"start":{"line":21,"column":6},"end":{"line":21,"column":53}},"12":{"start":{"line":24,"column":6},"end":{"line":24,"column":103}},"13":{"start":{"line":25,"column":6},"end":{"line":25,"column":16}},"14":{"start":{"line":29,"column":0},"end":{"line":45,"column":1}},"15":{"start":{"line":30,"column":2},"end":{"line":34,"column":4}},"16":{"start":{"line":37,"column":2},"end":{"line":37,"column":61}},"17":{"start":{"line":38,"column":2},"end":{"line":44,"column":5}},"18":{"start":{"line":39,"column":4},"end":{"line":43,"column":7}},"19":{"start":{"line":40,"column":6},"end":{"line":40,"column":34}},"20":{"start":{"line":40,"column":15},"end":{"line":40,"column":34}},"21":{"start":{"line":41,"column":6},"end":{"line":41,"column":34}},"22":{"start":{"line":42,"column":6},"end":{"line":42,"column":20}}},"branchMap":{"1":{"line":40,"type":"if","locations":[{"start":{"line":40,"column":6},"end":{"line":40,"column":6}},{"start":{"line":40,"column":6},"end":{"line":40,"column":6}}]}},"code":["var colors = require('colors');","var OAuth2Client = require('googleapis').auth.OAuth2;","","var Promise = require('bluebird');","var fs = Promise.promisifyAll(require('fs'));","","var defaults = require('./defaults');","","module.exports = function authenticate() {","  return getCredentials()","    .then(createAuthClient)","    .catch(function(err) {","      console.log('Error in authenticate module', err);","    });","};","","function getCredentials() {","  return fs.readFileAsync(defaults.STORAGE_FILE)","    .then(JSON.parse)","    .catch(SyntaxError, function(e) {","      console.log('Could not parse credentials'.red);","    })","    .error(function(e) {","      console.log('Could not read path to credentials file. Please check your path and try again'.red);","      throw err;","    });","}","","function createAuthClient(credentials) {","  var auth = new OAuth2Client(","    credentials.client_id,","    credentials.client_secret,","    credentials.redirect_uri","  );","","  // refreshAccessToken requires refresh_token to be set","  auth.credentials.refresh_token = credentials.refresh_token;","  return new Promise(function(resolve, reject) {","    auth.refreshAccessToken(function(err, tokens) {","      if (err) return reject(err);","      auth.setCredentials(tokens);","      resolve(auth);","    });","  });","}",""],"l":{"1":1,"2":1,"4":1,"5":1,"7":1,"9":1,"10":0,"13":0,"17":1,"18":0,"21":0,"24":0,"25":0,"29":1,"30":0,"37":0,"38":0,"39":0,"40":0,"41":0,"42":0}},"/home/travis/build/npmtest/node-npmtest-node-google-apps-script/node_modules/node-google-apps-script/lib/commands/upload.js":{"path":"/home/travis/build/npmtest/node-npmtest-node-google-apps-script/node_modules/node-google-apps-script/lib/commands/upload.js","s":{"1":1,"2":1,"3":1,"4":1,"5":1,"6":1,"7":1,"8":1,"9":0,"10":0,"11":0,"12":0,"13":0,"14":0,"15":0,"16":0,"17":0,"18":1,"19":0,"20":0,"21":0,"22":0,"23":0,"24":0,"25":0,"26":0,"27":0},"b":{"1":[0,0]},"f":{"1":0,"2":0,"3":0,"4":0,"5":0,"6":0,"7":0,"8":0,"9":0},"fnMap":{"1":{"name":"upload","line":10,"loc":{"start":{"line":10,"column":17},"end":{"line":10,"column":35}}},"2":{"name":"(anonymous_2)","line":16,"loc":{"start":{"line":16,"column":10},"end":{"line":16,"column":27}}},"3":{"name":"(anonymous_3)","line":20,"loc":{"start":{"line":20,"column":10},"end":{"line":20,"column":34}}},"4":{"name":"(anonymous_4)","line":23,"loc":{"start":{"line":23,"column":10},"end":{"line":23,"column":26}}},"5":{"name":"(anonymous_5)","line":26,"loc":{"start":{"line":26,"column":10},"end":{"line":26,"column":21}}},"6":{"name":"(anonymous_6)","line":29,"loc":{"start":{"line":29,"column":11},"end":{"line":29,"column":25}}},"7":{"name":"sendToGoogle","line":34,"loc":{"start":{"line":34,"column":0},"end":{"line":34,"column":33}}},"8":{"name":"(anonymous_8)","line":41,"loc":{"start":{"line":41,"column":10},"end":{"line":41,"column":25}}},"9":{"name":"(anonymous_9)","line":52,"loc":{"start":{"line":52,"column":15},"end":{"line":52,"column":29}}}},"statementMap":{"1":{"start":{"line":1,"column":0},"end":{"line":1,"column":26}},"2":{"start":{"line":2,"column":0},"end":{"line":2,"column":31}},"3":{"start":{"line":3,"column":0},"end":{"line":3,"column":35}},"4":{"start":{"line":4,"column":0},"end":{"line":4,"column":34}},"5":{"start":{"line":6,"column":0},"end":{"line":6,"column":38}},"6":{"start":{"line":7,"column":0},"end":{"line":7,"column":42}},"7":{"start":{"line":8,"column":0},"end":{"line":8,"column":46}},"8":{"start":{"line":10,"column":0},"end":{"line":32,"column":2}},"9":{"start":{"line":11,"column":2},"end":{"line":11,"column":52}},"10":{"start":{"line":13,"column":2},"end":{"line":13,"column":13}},"11":{"start":{"line":15,"column":2},"end":{"line":31,"column":7}},"12":{"start":{"line":17,"column":6},"end":{"line":17,"column":29}},"13":{"start":{"line":18,"column":6},"end":{"line":18,"column":48}},"14":{"start":{"line":21,"column":6},"end":{"line":21,"column":45}},"15":{"start":{"line":24,"column":6},"end":{"line":24,"column":41}},"16":{"start":{"line":27,"column":6},"end":{"line":27,"column":100}},"17":{"start":{"line":30,"column":6},"end":{"line":30,"column":40}},"18":{"start":{"line":34,"column":0},"end":{"line":57,"column":1}},"19":{"start":{"line":35,"column":2},"end":{"line":38,"column":3}},"20":{"start":{"line":36,"column":4},"end":{"line":36,"column":43}},"21":{"start":{"line":37,"column":4},"end":{"line":37,"column":38}},"22":{"start":{"line":40,"column":2},"end":{"line":56,"column":7}},"23":{"start":{"line":42,"column":6},"end":{"line":42,"column":62}},"24":{"start":{"line":43,"column":6},"end":{"line":49,"column":8}},"25":{"start":{"line":51,"column":6},"end":{"line":55,"column":11}},"26":{"start":{"line":53,"column":10},"end":{"line":53,"column":91}},"27":{"start":{"line":54,"column":10},"end":{"line":54,"column":20}}},"branchMap":{"1":{"line":35,"type":"if","locations":[{"start":{"line":35,"column":2},"end":{"line":35,"column":2}},{"start":{"line":35,"column":2},"end":{"line":35,"column":2}}]}},"code":["var _ = require('lodash');","var colors = require('colors');","var google = require('googleapis');","var Promise = require('bluebird');","","var defaults = require('../defaults');","var manifestor = require('../manifestor');","var authenticate = require('../authenticate');","","module.exports = function upload() {","  console.log('Pushing back up to Google Drive...');","","  var fileId; // Hold in closure to avoid promise nesting","","  return manifestor.get()","    .then(function(config) {","      fileId = config.fileId;","      return manifestor.getExternalFiles(fileId)","    })","    .then(function(externalFiles) {","      return manifestor.build(externalFiles);","    })","    .then(function(files) {","      return sendToGoogle(files, fileId);","    })","    .then(function() {","      console.log('The latest files were successfully uploaded to your Apps Script project.'.green);","    })","    .catch(function(err) {","      console.log('Upload failed.'.red);","    });","};","","function sendToGoogle(files, id) {","  if (!files.length) {","    console.log('No Files to upload.'.red);","    throw 'manifest file length is 0';","  }","","  return authenticate()","    .then(function(auth) {","      var drive = google.drive({ version: 'v2', auth: auth });","      var options = {","        fileId: id,","        media: {","          mimeType: 'application/vnd.google-apps.script+json',","          body: JSON.stringify({ files: files })","        }","      };","","      return Promise.promisify(drive.files.update)(options)","        .catch(function(err) {","          console.log('An error occured while running upload command: '.red + err.message);","          throw err;","        });","    });","}",""],"l":{"1":1,"2":1,"3":1,"4":1,"6":1,"7":1,"8":1,"10":1,"11":0,"13":0,"15":0,"17":0,"18":0,"21":0,"24":0,"27":0,"30":0,"34":1,"35":0,"36":0,"37":0,"40":0,"42":0,"43":0,"51":0,"53":0,"54":0}},"/home/travis/build/npmtest/node-npmtest-node-google-apps-script/node_modules/node-google-apps-script/lib/miniOAuthServer.js":{"path":"/home/travis/build/npmtest/node-npmtest-node-google-apps-script/node_modules/node-google-apps-script/lib/miniOAuthServer.js","s":{"1":1,"2":1,"3":1,"4":1,"5":0,"6":0,"7":0,"8":0,"9":0,"10":0,"11":0,"12":0,"13":0,"14":0,"15":0,"16":0,"17":0,"18":0,"19":0,"20":0,"21":0,"22":0},"b":{"1":[0,0]},"f":{"1":0,"2":0,"3":0},"fnMap":{"1":{"name":"createOAuthServer","line":5,"loc":{"start":{"line":5,"column":17},"end":{"line":5,"column":50}}},"2":{"name":"(anonymous_2)","line":6,"loc":{"start":{"line":6,"column":21},"end":{"line":6,"column":47}}},"3":{"name":"(anonymous_3)","line":8,"loc":{"start":{"line":8,"column":35},"end":{"line":8,"column":54}}}},"statementMap":{"1":{"start":{"line":1,"column":0},"end":{"line":1,"column":25}},"2":{"start":{"line":2,"column":0},"end":{"line":2,"column":27}},"3":{"start":{"line":3,"column":0},"end":{"line":3,"column":34}},"4":{"start":{"line":5,"column":0},"end":{"line":30,"column":2}},"5":{"start":{"line":6,"column":2},"end":{"line":29,"column":5}},"6":{"start":{"line":8,"column":4},"end":{"line":26,"column":7}},"7":{"start":{"line":9,"column":6},"end":{"line":9,"column":49}},"8":{"start":{"line":10,"column":6},"end":{"line":12,"column":7}},"9":{"start":{"line":11,"column":8},"end":{"line":11,"column":72}},"10":{"start":{"line":13,"column":6},"end":{"line":13,"column":26}},"11":{"start":{"line":15,"column":6},"end":{"line":15,"column":56}},"12":{"start":{"line":16,"column":6},"end":{"line":16,"column":37}},"13":{"start":{"line":17,"column":6},"end":{"line":17,"column":26}},"14":{"start":{"line":18,"column":6},"end":{"line":18,"column":26}},"15":{"start":{"line":19,"column":6},"end":{"line":19,"column":61}},"16":{"start":{"line":20,"column":6},"end":{"line":20,"column":27}},"17":{"start":{"line":21,"column":6},"end":{"line":21,"column":26}},"18":{"start":{"line":22,"column":6},"end":{"line":22,"column":90}},"19":{"start":{"line":23,"column":6},"end":{"line":23,"column":27}},"20":{"start":{"line":24,"column":6},"end":{"line":24,"column":27}},"21":{"start":{"line":25,"column":6},"end":{"line":25,"column":21}},"22":{"start":{"line":28,"column":4},"end":{"line":28,"column":24}}},"branchMap":{"1":{"line":10,"type":"if","locations":[{"start":{"line":10,"column":6},"end":{"line":10,"column":6}},{"start":{"line":10,"column":6},"end":{"line":10,"column":6}}]}},"code":["var url = require('url');","var http = require('http');","var Promise = require('bluebird');","","module.exports = function createOAuthServer(port) {","  return new Promise(function(resolve, reject) {","","    var server = http.createServer(function(req, res) {","      var query = url.parse(req.url, true).query;","      if (!query.code) {","        reject('No code in request; did you access this url manually?');","      }","      resolve(query.code);","","      res.writeHead(200, {'Content-Type': 'text/html'});","      res.write('<!DOCTYPE \"html\">');","      res.write('<html>');","      res.write('<head>');","      res.write('<title>Successfully Authenticated</title>');","      res.write('</head>');","      res.write('<body>');","      res.write('You\\'ve been authenticated with Google Drive! You may close this page.');","      res.write('</body>');","      res.write('</html>');","      server.close();","    });","","    server.listen(port);","  });","};",""],"l":{"1":1,"2":1,"3":1,"5":1,"6":0,"8":0,"9":0,"10":0,"11":0,"13":0,"15":0,"16":0,"17":0,"18":0,"19":0,"20":0,"21":0,"22":0,"23":0,"24":0,"25":0,"28":0}}}